#
# There is insufficient memory for the Java Runtime Environment to continue.
# Native memory allocation (malloc) failed to allocate 239456 bytes for Chunk::new
# Possible reasons:
#   The system is out of physical RAM or swap space
#   In 32 bit mode, the process size limit was hit
# Possible solutions:
#   Reduce memory load on the system
#   Increase physical memory or swap space
#   Check if swap backing store is full
#   Use 64 bit Java on a 64 bit OS
#   Decrease Java heap size (-Xmx/-Xms)
#   Decrease number of Java threads
#   Decrease Java thread stack sizes (-Xss)
#   Set larger code cache with -XX:ReservedCodeCacheSize=
# This output file may be truncated or incomplete.
#
#  Out of Memory Error (allocation.cpp:390), pid=1156, tid=0x0000000000001a80
#
# JRE version: Java(TM) SE Runtime Environment (8.0_111-b14) (build 1.8.0_111-b14)
# Java VM: Java HotSpot(TM) 64-Bit Server VM (25.111-b14 mixed mode windows-amd64 compressed oops)
# Failed to write core dump. Minidumps are not enabled by default on client versions of Windows
#

---------------  T H R E A D  ---------------

Current thread (0x00000000146b5800):  JavaThread "C2 CompilerThread1" daemon [_thread_in_native, id=6784, stack(0x0000000015d20000,0x0000000015e20000)]

Stack: [0x0000000015d20000,0x0000000015e20000]
[error occurred during error reporting (printing stack bounds), id 0xc0000005]

Native frames: (J=compiled Java code, j=interpreted, Vv=VM code, C=native code)


Current CompileTask:
C2:   5442 1472   !   4       com.sun.tools.javac.jvm.ClassReader::classSigToType (498 bytes)


---------------  P R O C E S S  ---------------

Java Threads: ( => current thread )
  0x0000000015e31000 JavaThread "Service Thread" daemon [_thread_blocked, id=4744, stack(0x0000000016320000,0x0000000016420000)]
  0x0000000015e28800 JavaThread "C1 CompilerThread2" daemon [_thread_in_native, id=1972, stack(0x0000000016220000,0x0000000016320000)]
=>0x00000000146b5800 JavaThread "C2 CompilerThread1" daemon [_thread_in_native, id=6784, stack(0x0000000015d20000,0x0000000015e20000)]
  0x00000000146b2800 JavaThread "C2 CompilerThread0" daemon [_thread_in_native, id=7164, stack(0x0000000015c20000,0x0000000015d20000)]
  0x00000000146ae000 JavaThread "Attach Listener" daemon [_thread_blocked, id=5820, stack(0x0000000015b20000,0x0000000015c20000)]
  0x00000000146ac800 JavaThread "Signal Dispatcher" daemon [_thread_blocked, id=5872, stack(0x0000000015a20000,0x0000000015b20000)]
  0x00000000020dc800 JavaThread "Finalizer" daemon [_thread_blocked, id=7228, stack(0x0000000015910000,0x0000000015a10000)]
  0x00000000020d3000 JavaThread "Reference Handler" daemon [_thread_blocked, id=804, stack(0x0000000015810000,0x0000000015910000)]
  0x0000000001fde800 JavaThread "main" [_thread_in_vm, id=5628, stack(0x0000000001df0000,0x0000000001ef0000)]

Other Threads:
  0x0000000014677000 VMThread [stack: 0x0000000015710000,0x0000000015810000] [id=4960]
  0x0000000015e50800 WatcherThread [stack: 0x0000000016420000,0x0000000016520000] [id=6696]

VM state:not at safepoint (normal execution)

VM Mutex/Monitor currently owned by a thread: None

Heap:
 PSYoungGen      total 18944K, used 15987K [0x00000000eb400000, 0x00000000ec900000, 0x0000000100000000)
  eden space 16384K, 82% used [0x00000000eb400000,0x00000000ec122f20,0x00000000ec400000)
  from space 2560K, 99% used [0x00000000ec400000,0x00000000ec679de8,0x00000000ec680000)
  to   space 2560K, 0% used [0x00000000ec680000,0x00000000ec680000,0x00000000ec900000)
 ParOldGen       total 44032K, used 8330K [0x00000000c1c00000, 0x00000000c4700000, 0x00000000eb400000)
  object space 44032K, 18% used [0x00000000c1c00000,0x00000000c2422af0,0x00000000c4700000)
 Metaspace       used 13545K, capacity 13688K, committed 13952K, reserved 1060864K
  class space    used 1581K, capacity 1638K, committed 1664K, reserved 1048576K

Card table byte_map: [0x00000000114a0000,0x00000000116a0000] byte_map_base: 0x0000000010e92000

Marking Bits: (ParMarkBitMap*) 0x000000006c6ea6c0
 Begin Bits: [0x0000000011bf0000, 0x0000000012b80000)
 End Bits:   [0x0000000012b80000, 0x0000000013b10000)

Polling page: 0x0000000001d90000

CodeCache: size=245760Kb used=5467Kb max_used=5467Kb free=240292Kb
 bounds [0x00000000020e0000, 0x0000000002640000, 0x00000000110e0000]
 total_blobs=1825 nmethods=1485 adapters=252
 compilation: enabled

Compilation events (10 events):
Event: 5.431 Thread 0x0000000015e28800 1467       3       com.sun.tools.javac.tree.JCTree$JCClassDecl::getTag (4 bytes)
Event: 5.431 Thread 0x0000000015e28800 nmethod 1467 0x0000000002635510 code [0x0000000002635660, 0x00000000026357b0]
Event: 5.431 Thread 0x0000000015e28800 1477       1       com.sun.tools.javac.code.Type$JCPrimitiveType::isPrimitive (2 bytes)
Event: 5.431 Thread 0x0000000015e28800 nmethod 1477 0x0000000002635850 code [0x00000000026359a0, 0x0000000002635ab0]
Event: 5.432 Thread 0x0000000015e28800 1463       3       com.sun.tools.javac.tree.TreeInfo$1DeclScanner::scan (17 bytes)
Event: 5.432 Thread 0x0000000015e28800 nmethod 1463 0x0000000002635b10 code [0x0000000002635c80, 0x0000000002635f28]
Event: 5.433 Thread 0x0000000015e28800 1481       3       com.sun.tools.javac.code.Types::rank (277 bytes)
Event: 5.436 Thread 0x0000000015e28800 nmethod 1481 0x0000000002636010 code [0x0000000002636360, 0x0000000002638258]
Event: 5.436 Thread 0x0000000015e28800 1482       1       com.sun.tools.javac.code.Types$13::visitType (2 bytes)
Event: 5.436 Thread 0x0000000015e28800 nmethod 1482 0x0000000002638dd0 code [0x0000000002638f20, 0x0000000002639030]

GC Heap History (6 events):
Event: 2.831 GC heap before
{Heap before GC invocations=1 (full 0):
 PSYoungGen      total 18944K, used 16384K [0x00000000eb400000, 0x00000000ec900000, 0x0000000100000000)
  eden space 16384K, 100% used [0x00000000eb400000,0x00000000ec400000,0x00000000ec400000)
  from space 2560K, 0% used [0x00000000ec680000,0x00000000ec680000,0x00000000ec900000)
  to   space 2560K, 0% used [0x00000000ec400000,0x00000000ec400000,0x00000000ec680000)
 ParOldGen       total 44032K, used 0K [0x00000000c1c00000, 0x00000000c4700000, 0x00000000eb400000)
  object space 44032K, 0% used [0x00000000c1c00000,0x00000000c1c00000,0x00000000c4700000)
 Metaspace       used 7513K, capacity 7698K, committed 7936K, reserved 1056768K
  class space    used 822K, capacity 901K, committed 1024K, reserved 1048576K
Event: 2.851 GC heap after
Heap after GC invocations=1 (full 0):
 PSYoungGen      total 18944K, used 2550K [0x00000000eb400000, 0x00000000ec900000, 0x0000000100000000)
  eden space 16384K, 0% used [0x00000000eb400000,0x00000000eb400000,0x00000000ec400000)
  from space 2560K, 99% used [0x00000000ec400000,0x00000000ec67d878,0x00000000ec680000)
  to   space 2560K, 0% used [0x00000000ec680000,0x00000000ec680000,0x00000000ec900000)
 ParOldGen       total 44032K, used 1563K [0x00000000c1c00000, 0x00000000c4700000, 0x00000000eb400000)
  object space 44032K, 3% used [0x00000000c1c00000,0x00000000c1d86ed8,0x00000000c4700000)
 Metaspace       used 7513K, capacity 7698K, committed 7936K, reserved 1056768K
  class space    used 822K, capacity 901K, committed 1024K, reserved 1048576K
}
Event: 3.971 GC heap before
{Heap before GC invocations=2 (full 0):
 PSYoungGen      total 18944K, used 18934K [0x00000000eb400000, 0x00000000ec900000, 0x0000000100000000)
  eden space 16384K, 100% used [0x00000000eb400000,0x00000000ec400000,0x00000000ec400000)
  from space 2560K, 99% used [0x00000000ec400000,0x00000000ec67d878,0x00000000ec680000)
  to   space 2560K, 0% used [0x00000000ec680000,0x00000000ec680000,0x00000000ec900000)
 ParOldGen       total 44032K, used 1563K [0x00000000c1c00000, 0x00000000c4700000, 0x00000000eb400000)
  object space 44032K, 3% used [0x00000000c1c00000,0x00000000c1d86ed8,0x00000000c4700000)
 Metaspace       used 10976K, capacity 11192K, committed 11392K, reserved 1058816K
  class space    used 1315K, capacity 1382K, committed 1408K, reserved 1048576K
Event: 3.981 GC heap after
Heap after GC invocations=2 (full 0):
 PSYoungGen      total 18944K, used 2528K [0x00000000eb400000, 0x00000000ec900000, 0x0000000100000000)
  eden space 16384K, 0% used [0x00000000eb400000,0x00000000eb400000,0x00000000ec400000)
  from space 2560K, 98% used [0x00000000ec680000,0x00000000ec8f8020,0x00000000ec900000)
  to   space 2560K, 0% used [0x00000000ec400000,0x00000000ec400000,0x00000000ec680000)
 ParOldGen       total 44032K, used 2644K [0x00000000c1c00000, 0x00000000c4700000, 0x00000000eb400000)
  object space 44032K, 6% used [0x00000000c1c00000,0x00000000c1e95278,0x00000000c4700000)
 Metaspace       used 10976K, capacity 11192K, committed 11392K, reserved 1058816K
  class space    used 1315K, capacity 1382K, committed 1408K, reserved 1048576K
}
Event: 4.776 GC heap before
{Heap before GC invocations=3 (full 0):
 PSYoungGen      total 18944K, used 18912K [0x00000000eb400000, 0x00000000ec900000, 0x0000000100000000)
  eden space 16384K, 100% used [0x00000000eb400000,0x00000000ec400000,0x00000000ec400000)
  from space 2560K, 98% used [0x00000000ec680000,0x00000000ec8f8020,0x00000000ec900000)
  to   space 2560K, 0% used [0x00000000ec400000,0x00000000ec400000,0x00000000ec680000)
 ParOldGen       total 44032K, used 2644K [0x00000000c1c00000, 0x00000000c4700000, 0x00000000eb400000)
  object space 44032K, 6% used [0x00000000c1c00000,0x00000000c1e95278,0x00000000c4700000)
 Metaspace       used 12428K, capacity 12632K, committed 12928K, reserved 1060864K
  class space    used 1456K, capacity 1542K, committed 1664K, reserved 1048576K
Event: 4.801 GC heap after
Heap after GC invocations=3 (full 0):
 PSYoungGen      total 18944K, used 2535K [0x00000000eb400000, 0x00000000ec900000, 0x0000000100000000)
  eden space 16384K, 0% used [0x00000000eb400000,0x00000000eb400000,0x00000000ec400000)
  from space 2560K, 99% used [0x00000000ec400000,0x00000000ec679de8,0x00000000ec680000)
  to   space 2560K, 0% used [0x00000000ec680000,0x00000000ec680000,0x00000000ec900000)
 ParOldGen       total 44032K, used 8330K [0x00000000c1c00000, 0x00000000c4700000, 0x00000000eb400000)
  object space 44032K, 18% used [0x00000000c1c00000,0x00000000c2422af0,0x00000000c4700000)
 Metaspace       used 12428K, capacity 12632K, committed 12928K, reserved 1060864K
  class space    used 1456K, capacity 1542K, committed 1664K, reserved 1048576K
}

Deoptimization events (10 events):
Event: 4.825 Thread 0x0000000001fde800 Uncommon trap: reason=unstable_if action=reinterpret pc=0x00000000024fb39c method=com.sun.tools.javac.util.Name$Table.equals([BI[BII)Z @ 22
Event: 4.874 Thread 0x0000000001fde800 Uncommon trap: reason=unstable_if action=reinterpret pc=0x00000000024b4730 method=com.sun.tools.javac.util.Name$Table.equals([BI[BII)Z @ 22
Event: 5.038 Thread 0x0000000001fde800 Uncommon trap: reason=unstable_if action=reinterpret pc=0x0000000002571114 method=com.sun.tools.javac.code.Scope.getIndex(Lcom/sun/tools/javac/util/Name;)I @ 45
Event: 5.200 Thread 0x0000000001fde800 Uncommon trap: reason=unstable_if action=reinterpret pc=0x00000000025d9694 method=com.sun.tools.javac.code.Scope.lookup(Lcom/sun/tools/javac/util/Name;Lcom/sun/tools/javac/util/Filter;)Lcom/sun/tools/javac/code/Scope$Entry; @ 54
Event: 5.247 Thread 0x0000000001fde800 Uncommon trap: reason=class_check action=maybe_recompile pc=0x000000000245a528 method=java.util.HashMap.putVal(ILjava/lang/Object;Ljava/lang/Object;ZZ)Ljava/lang/Object; @ 253
Event: 5.251 Thread 0x0000000001fde800 Uncommon trap: reason=class_check action=maybe_recompile pc=0x000000000245a528 method=java.util.HashMap.putVal(ILjava/lang/Object;Ljava/lang/Object;ZZ)Ljava/lang/Object; @ 253
Event: 5.253 Thread 0x0000000001fde800 Uncommon trap: reason=class_check action=maybe_recompile pc=0x000000000245a528 method=java.util.HashMap.putVal(ILjava/lang/Object;Ljava/lang/Object;ZZ)Ljava/lang/Object; @ 253
Event: 5.349 Thread 0x0000000001fde800 Uncommon trap: reason=class_check action=maybe_recompile pc=0x000000000245a528 method=java.util.HashMap.putVal(ILjava/lang/Object;Ljava/lang/Object;ZZ)Ljava/lang/Object; @ 253
Event: 5.356 Thread 0x0000000001fde800 Uncommon trap: reason=class_check action=maybe_recompile pc=0x000000000244ff18 method=java.util.HashMap.putVal(ILjava/lang/Object;Ljava/lang/Object;ZZ)Ljava/lang/Object; @ 253
Event: 5.361 Thread 0x0000000001fde800 Uncommon trap: reason=unstable_if action=reinterpret pc=0x00000000025dbe30 method=com.sun.tools.javac.code.Scope.enter(Lcom/sun/tools/javac/code/Symbol;Lcom/sun/tools/javac/code/Scope;Lcom/sun/tools/javac/code/Scope;Z)V @ 116

Internal exceptions (10 events):
Event: 2.861 Thread 0x0000000001fde800 Exception <a 'java/lang/ClassNotFoundException': org/apache/tools/ant/AntClassLoader> (0x00000000eb411500) thrown at [C:\re\workspace\8-2-build-windows-amd64-cygwin\jdk8u111\7883\hotspot\src\share\vm\classfile\systemDictionary.cpp, line 210]
Event: 2.866 Thread 0x0000000001fde800 Exception <a 'java/lang/ClassNotFoundException': sun/net/www/protocol/c/Handler> (0x00000000eb41cef8) thrown at [C:\re\workspace\8-2-build-windows-amd64-cygwin\jdk8u111\7883\hotspot\src\share\vm\classfile\systemDictionary.cpp, line 210]
Event: 2.866 Thread 0x0000000001fde800 Exception <a 'java/lang/ClassNotFoundException': sun/net/www/protocol/c/Handler> (0x00000000eb420500) thrown at [C:\re\workspace\8-2-build-windows-amd64-cygwin\jdk8u111\7883\hotspot\src\share\vm\classfile\systemDictionary.cpp, line 210]
Event: 2.869 Thread 0x0000000001fde800 Exception <a 'java/lang/ClassNotFoundException': org/apache/tools/ant/AntClassLoader> (0x00000000eb425d98) thrown at [C:\re\workspace\8-2-build-windows-amd64-cygwin\jdk8u111\7883\hotspot\src\share\vm\classfile\systemDictionary.cpp, line 210]
Event: 2.870 Thread 0x0000000001fde800 Exception <a 'java/lang/ClassNotFoundException': org/apache/tools/ant/AntClassLoader> (0x00000000eb429508) thrown at [C:\re\workspace\8-2-build-windows-amd64-cygwin\jdk8u111\7883\hotspot\src\share\vm\classfile\systemDictionary.cpp, line 210]
Event: 2.870 Thread 0x0000000001fde800 Exception <a 'java/lang/ClassNotFoundException': org/apache/tools/ant/AntClassLoader> (0x00000000eb429c98) thrown at [C:\re\workspace\8-2-build-windows-amd64-cygwin\jdk8u111\7883\hotspot\src\share\vm\classfile\systemDictionary.cpp, line 210]
Event: 2.870 Thread 0x0000000001fde800 Exception <a 'java/lang/ClassNotFoundException': org/apache/tools/ant/AntClassLoader> (0x00000000eb42b3e0) thrown at [C:\re\workspace\8-2-build-windows-amd64-cygwin\jdk8u111\7883\hotspot\src\share\vm\classfile\systemDictionary.cpp, line 210]
Event: 2.921 Thread 0x0000000001fde800 Exception <a 'java/io/FileNotFoundException'> (0x00000000eb49a318) thrown at [C:\re\workspace\8-2-build-windows-amd64-cygwin\jdk8u111\7883\hotspot\src\share\vm\prims\jni.cpp, line 709]
Event: 4.613 Thread 0x0000000001fde800 Exception <a 'java/io/FileNotFoundException'> (0x00000000ebf672f0) thrown at [C:\re\workspace\8-2-build-windows-amd64-cygwin\jdk8u111\7883\hotspot\src\share\vm\prims\jni.cpp, line 709]
Event: 4.627 Thread 0x0000000001fde800 Exception <a 'java/io/FileNotFoundException'> (0x00000000ebf9eb40) thrown at [C:\re\workspace\8-2-build-windows-amd64-cygwin\jdk8u111\7883\hotspot\src\share\vm\prims\jni.cpp, line 709]

Events (10 events):
Event: 5.369 loading class com/sun/tools/javac/jvm/ClassWriter$StackMapTableFrame$SameFrame
Event: 5.369 loading class com/sun/tools/javac/jvm/ClassWriter$StackMapTableFrame$SameFrame done
Event: 5.369 loading class com/sun/tools/javac/jvm/ClassWriter$StackMapTableFrame$AppendFrame
Event: 5.369 loading class com/sun/tools/javac/jvm/ClassWriter$StackMapTableFrame$AppendFrame done
Event: 5.370 loading class com/sun/tools/javac/jvm/ClassWriter$StackMapTableFrame$ChopFrame
Event: 5.370 loading class com/sun/tools/javac/jvm/ClassWriter$StackMapTableFrame$ChopFrame done
Event: 5.370 loading class com/sun/tools/javac/jvm/ClassWriter$StackMapTableFrame$FullFrame
Event: 5.370 loading class com/sun/tools/javac/jvm/ClassWriter$StackMapTableFrame$FullFrame done
Event: 5.379 loading class java/io/DataOutputStream
Event: 5.380 loading class java/io/DataOutputStream done


Dynamic libraries:
0x00007ff7ceb00000 - 0x00007ff7ceb37000 	C:\Program Files\Java\jdk1.8.0_111\bin\javaw.exe
0x00007ff801fc0000 - 0x00007ff80216d000 	C:\Windows\SYSTEM32\ntdll.dll
0x00007fffff920000 - 0x00007fffffa5a000 	C:\Windows\system32\KERNEL32.DLL
0x00007fffff280000 - 0x00007fffff395000 	C:\Windows\system32\KERNELBASE.dll
0x00007ffffddb0000 - 0x00007ffffde38000 	C:\Windows\system32\apphelp.dll
0x00007fffedfd0000 - 0x00007fffee01f000 	C:\Windows\AppPatch\AppPatch64\AcGenral.DLL
0x00007ff8001e0000 - 0x00007ff800287000 	C:\Windows\system32\msvcrt.dll
0x00007ffffefe0000 - 0x00007fffff00b000 	C:\Windows\SYSTEM32\SspiCli.dll
0x00007fffff6d0000 - 0x00007fffff721000 	C:\Windows\system32\SHLWAPI.dll
0x00007fffffc80000 - 0x00007fffffdf1000 	C:\Windows\system32\USER32.dll
0x00007ff800290000 - 0x00007ff800408000 	C:\Windows\system32\ole32.dll
0x00007ff800520000 - 0x00007ff801a4a000 	C:\Windows\system32\SHELL32.dll
0x00007ffffe790000 - 0x00007ffffe7ae000 	C:\Windows\SYSTEM32\USERENV.dll
0x00007ff800470000 - 0x00007ff80051a000 	C:\Windows\system32\ADVAPI32.dll
0x00007fffed9b0000 - 0x00007fffed9cb000 	C:\Windows\SYSTEM32\MPR.dll
0x00007ff801e80000 - 0x00007ff801fb6000 	C:\Windows\system32\RPCRT4.dll
0x00007ff801cd0000 - 0x00007ff801d27000 	C:\Windows\SYSTEM32\sechost.dll
0x00007fffffa60000 - 0x00007fffffc71000 	C:\Windows\SYSTEM32\combase.dll
0x00007fffff7d0000 - 0x00007fffff920000 	C:\Windows\system32\GDI32.dll
0x00007fffff1b0000 - 0x00007fffff1c4000 	C:\Windows\SYSTEM32\profapi.dll
0x00007ffffd8c0000 - 0x00007ffffd95f000 	C:\Windows\SYSTEM32\SHCORE.dll
0x00007ff801c90000 - 0x00007ff801cc4000 	C:\Windows\system32\IMM32.DLL
0x00007ff801d30000 - 0x00007ff801e69000 	C:\Windows\system32\MSCTF.dll
0x00007ffffcfe0000 - 0x00007ffffd23a000 	C:\Windows\WinSxS\amd64_microsoft.windows.common-controls_6595b64144ccf1df_6.0.9600.17031_none_6242a4b3ecbb55a1\COMCTL32.dll
0x000000006c770000 - 0x000000006c842000 	C:\Program Files\Java\jdk1.8.0_111\jre\bin\msvcr100.dll
0x000000006bed0000 - 0x000000006c76a000 	C:\Program Files\Java\jdk1.8.0_111\jre\bin\server\jvm.dll
0x00007ffff7a70000 - 0x00007ffff7a79000 	C:\Windows\SYSTEM32\WSOCK32.dll
0x00007fffece80000 - 0x00007fffece9f000 	C:\Windows\SYSTEM32\WINMM.dll
0x00007ffff7560000 - 0x00007ffff756a000 	C:\Windows\SYSTEM32\VERSION.dll
0x00007ff8001d0000 - 0x00007ff8001d7000 	C:\Windows\system32\PSAPI.DLL
0x00007ff800170000 - 0x00007ff8001c8000 	C:\Windows\system32\WS2_32.dll
0x00007fffece50000 - 0x00007fffece7a000 	C:\Windows\SYSTEM32\WINMMBASE.dll
0x00007ff801c70000 - 0x00007ff801c79000 	C:\Windows\system32\NSI.dll
0x00007fffff3a0000 - 0x00007fffff3ea000 	C:\Windows\SYSTEM32\cfgmgr32.dll
0x00007ffffe000000 - 0x00007ffffe026000 	C:\Windows\SYSTEM32\DEVOBJ.dll
0x000000006bec0000 - 0x000000006becf000 	C:\Program Files\Java\jdk1.8.0_111\jre\bin\verify.dll
0x000000006be90000 - 0x000000006beb9000 	C:\Program Files\Java\jdk1.8.0_111\jre\bin\java.dll
0x000000006be70000 - 0x000000006be86000 	C:\Program Files\Java\jdk1.8.0_111\jre\bin\zip.dll
0x000000006be50000 - 0x000000006be6a000 	C:\Program Files\Java\jdk1.8.0_111\jre\bin\net.dll
0x00007ffffe9e0000 - 0x00007ffffea38000 	C:\Windows\system32\mswsock.dll

VM Arguments:
jvm_args: -Dant.home=C:\Users\KING\.p2\pool\plugins\org.apache.ant_1.9.6.v201510161327 -Dant.library.dir=C:\Users\KING\.p2\pool\plugins\org.apache.ant_1.9.6.v201510161327\lib -Djava.library.path=C:\Users\KING\eclipse\java-neon\eclipse;C:\Windows\Sun\Java\bin;C:\Windows\system32;C:\Windows;C:/Program Files/Java/jre1.8.0_111/bin/server;C:/Program Files/Java/jre1.8.0_111/bin;C:/Program Files/Java/jre1.8.0_111/lib/amd64;C:\ProgramData\Oracle\Java\javapath;C:\Program Files (x86)\Intel\iCLS Client\;C:\Program Files\Intel\iCLS Client\;C:\Windows\system32;C:\Windows;C:\Windows\System32\Wbem;C:\Windows\System32\WindowsPowerShell\v1.0\;C:\Program Files\Intel\Intel(R) Management Engine Components\DAL;C:\Program Files\Intel\Intel(R) Management Engine Components\IPT;C:\Program Files (x86)\Intel\Intel(R) Management Engine Components\DAL;C:\Program Files (x86)\Intel\Intel(R) Management Engine Components\IPT;C:\Program Files (x86)\IVI Foundation\VISA\WinNT\Bin\;C:\Program Files\IVI Foundation\VISA\Win64\Bin\;C:\Program Files\Microsoft\Web Platform Installer\;C:\Program Files (x86)\Microsoft ASP.NET\ASP.NET Web Pages\v1.0\;C:\Program Files\Microsoft SQL Server\110\Tools\Binn\;C:\Program Files\TortoiseHg\;C:\Program Files\Git\cmd;C:\Users\KING\eclipse\java-neon\eclipse;;.;C:\Users\KING\eclipse\java-neon\eclipse\configuration\org.eclipse.osgi\579\0\.cp -Dfile.encoding=UTF-8 
java_command: org.eclipse.ant.internal.launching.remote.InternalAntRunner -Dorg.eclipse.ant.core.ANT_PROCESS_ID=1486600127731 -Declipse.connect.port=55161 -Dant.home=C:\Users\KING\.p2\pool\plugins\org.apache.ant_1.9.6.v201510161327 -logger org.eclipse.ant.internal.launching.remote.logger.RemoteAntBuildLogger -inputhandler org.eclipse.ant.internal.ui.antsupport.inputhandler.ProxyInputHandler -buildfile C:\Users\KING\workspace\FRC-SteamWorks-2017\build.xml deploy
java_class_path (initial): C:\Users\KING\.p2\pool\plugins\org.apache.ant_1.9.6.v201510161327\lib\ant-antlr.jar;C:\Users\KING\.p2\pool\plugins\org.apache.ant_1.9.6.v201510161327\lib\ant-apache-bcel.jar;C:\Users\KING\.p2\pool\plugins\org.apache.ant_1.9.6.v201510161327\lib\ant-apache-bsf.jar;C:\Users\KING\.p2\pool\plugins\org.apache.ant_1.9.6.v201510161327\lib\ant-apache-log4j.jar;C:\Users\KING\.p2\pool\plugins\org.apache.ant_1.9.6.v201510161327\lib\ant-apache-oro.jar;C:\Users\KING\.p2\pool\plugins\org.apache.ant_1.9.6.v201510161327\lib\ant-apache-regexp.jar;C:\Users\KING\.p2\pool\plugins\org.apache.ant_1.9.6.v201510161327\lib\ant-apache-resolver.jar;C:\Users\KING\.p2\pool\plugins\org.apache.ant_1.9.6.v201510161327\lib\ant-apache-xalan2.jar;C:\Users\KING\.p2\pool\plugins\org.apache.ant_1.9.6.v201510161327\lib\ant-commons-logging.jar;C:\Users\KING\.p2\pool\plugins\org.apache.ant_1.9.6.v201510161327\lib\ant-commons-net.jar;C:\Users\KING\.p2\pool\plugins\org.apache.ant_1.9.6.v201510161327\lib\ant-jai.jar;C:\Users\KING\.p2\pool\plugins\org.apache.ant_1.9.6.v201510161327\lib\ant-javamail.jar;C:\Users\KING\.p2\pool\plugins\org.apache.ant_1.9.6.v201510161327\lib\ant-jdepend.jar;C:\Users\KING\.p2\pool\plugins\org.apache.ant_1.9.6.v201510161327\lib\ant-jmf.jar;C:\Users\KING\.p2\pool\plugins\org.apache.ant_1.9.6.v201510161327\lib\ant-jsch.jar;C:\Users\KING\.p2\pool\plugins\org.apache.ant_1.9.6.v201510161327\lib\ant-junit.jar;C:\Users\KING\.p2\pool\plugins\org.apache.ant_1.9.6.v201510161327\lib\ant-junit4.jar;C:\Users\KING\.p2\pool\plugins\org.apache.ant_1.9.6.v201510161327\lib\ant-launcher.jar;C:\Users\KING\.p2\pool\plugins\org.apache.ant_1.9.6.v201510161327\lib\ant-netrexx.jar;C:\Users\KING\.p2\pool\plugins\org.apache.ant_1.9.6.v201510161327\lib\ant-swing.jar;C:\Users\KING\.p2\pool\plugins\org.apache.ant_1.9.6.v201510161327\lib\ant-testutil.jar;C:\Users\KING\.p2\pool\plugins\org.apache.ant_1.9.6.v201510161327\lib\ant.jar;C:\Users\KING\eclipse\java-neon\eclipse\configuration\o
Launcher Type: SUN_STANDARD

Environment Variables:
PATH=C:/Program Files/Java/jre1.8.0_111/bin/server;C:/Program Files/Java/jre1.8.0_111/bin;C:/Program Files/Java/jre1.8.0_111/lib/amd64;C:\ProgramData\Oracle\Java\javapath;C:\Program Files (x86)\Intel\iCLS Client\;C:\Program Files\Intel\iCLS Client\;C:\Windows\system32;C:\Windows;C:\Windows\System32\Wbem;C:\Windows\System32\WindowsPowerShell\v1.0\;C:\Program Files\Intel\Intel(R) Management Engine Components\DAL;C:\Program Files\Intel\Intel(R) Management Engine Components\IPT;C:\Program Files (x86)\Intel\Intel(R) Management Engine Components\DAL;C:\Program Files (x86)\Intel\Intel(R) Management Engine Components\IPT;C:\Program Files (x86)\IVI Foundation\VISA\WinNT\Bin\;C:\Program Files\IVI Foundation\VISA\Win64\Bin\;C:\Program Files\Microsoft\Web Platform Installer\;C:\Program Files (x86)\Microsoft ASP.NET\ASP.NET Web Pages\v1.0\;C:\Program Files\Microsoft SQL Server\110\Tools\Binn\;C:\Program Files\TortoiseHg\;C:\Program Files\Git\cmd;C:\Users\KING\eclipse\java-neon\eclipse;
USERNAME=KING
OS=Windows_NT
PROCESSOR_IDENTIFIER=Intel64 Family 6 Model 58 Stepping 9, GenuineIntel



---------------  S Y S T E M  ---------------

OS: Windows 8.1 , 64 bit Build 9600 (6.3.9600.17056)

CPU:total 4 (2 cores per cpu, 2 threads per core) family 6 model 58 stepping 9, cmov, cx8, fxsr, mmx, sse, sse2, sse3, ssse3, sse4.1, sse4.2, popcnt, avx, aes, clmul, erms, ht, tsc, tscinvbit, tscinv

Memory: 4k page, physical 4076112k(551432k free), swap 4600404k(5176k free)

vm_info: Java HotSpot(TM) 64-Bit Server VM (25.111-b14) for windows-amd64 JRE (1.8.0_111-b14), built on Sep 22 2016 19:24:05 by "java_re" with MS VC++ 10.0 (VS2010)

time: Wed Feb 08 18:28:53 2017
elapsed time: 5 seconds (0d 0h 0m 5s)

