#
# There is insufficient memory for the Java Runtime Environment to continue.
# Native memory allocation (malloc) failed to allocate 1048576 bytes for AllocateHeap
# Possible reasons:
#   The system is out of physical RAM or swap space
#   In 32 bit mode, the process size limit was hit
# Possible solutions:
#   Reduce memory load on the system
#   Increase physical memory or swap space
#   Check if swap backing store is full
#   Use 64 bit Java on a 64 bit OS
#   Decrease Java heap size (-Xmx/-Xms)
#   Decrease number of Java threads
#   Decrease Java thread stack sizes (-Xss)
#   Set larger code cache with -XX:ReservedCodeCacheSize=
# This output file may be truncated or incomplete.
#
#  Out of Memory Error (memory/allocation.inline.hpp:61), pid=196, tid=0x0000000000001a34
#
# JRE version:  (8.0_111-b14) (build )
# Java VM: Java HotSpot(TM) 64-Bit Server VM (25.111-b14 mixed mode windows-amd64 compressed oops)
# Failed to write core dump. Minidumps are not enabled by default on client versions of Windows
#

---------------  T H R E A D  ---------------

Current thread (0x00000000026ae800):  JavaThread "Unknown thread" [_thread_in_vm, id=6708, stack(0x0000000002500000,0x0000000002600000)]

Stack: [0x0000000002500000,0x0000000002600000]
[error occurred during error reporting (printing stack bounds), id 0xc0000005]

Native frames: (J=compiled Java code, j=interpreted, Vv=VM code, C=native code)


---------------  P R O C E S S  ---------------

Java Threads: ( => current thread )

Other Threads:

=>0x00000000026ae800 (exited) JavaThread "Unknown thread" [_thread_in_vm, id=6708, stack(0x0000000002500000,0x0000000002600000)]

VM state:not at safepoint (normal execution)

VM Mutex/Monitor currently owned by a thread: None

Heap:
 PSYoungGen      total 18944K, used 327K [0x00000000eb400000, 0x00000000ec900000, 0x0000000100000000)
  eden space 16384K, 2% used [0x00000000eb400000,0x00000000eb451ec8,0x00000000ec400000)
  from space 2560K, 0% used [0x00000000ec680000,0x00000000ec680000,0x00000000ec900000)
  to   space 2560K, 0% used [0x00000000ec400000,0x00000000ec400000,0x00000000ec680000)
 ParOldGen       total 44032K, used 0K [0x00000000c1c00000, 0x00000000c4700000, 0x00000000eb400000)
  object space 44032K, 0% used [0x00000000c1c00000,0x00000000c1c00000,0x00000000c4700000)
 Metaspace       used 770K, capacity 4480K, committed 4480K, reserved 1056768K
  class space    used 75K, capacity 384K, committed 384K, reserved 1048576K

Card table byte_map: [0x0000000011b80000,0x0000000011d80000] byte_map_base: 0x0000000011572000

Marking Bits: (ParMarkBitMap*) 0x000000006c76a6c0
 Begin Bits: [0x00000000122d0000, 0x0000000013260000)
 End Bits:   [0x0000000013260000, 0x00000000141f0000)

Polling page: 0x0000000000c60000

CodeCache: size=245760Kb used=328Kb max_used=328Kb free=245431Kb
 bounds [0x00000000027c0000, 0x0000000002a30000, 0x00000000117c0000]
 total_blobs=58 nmethods=0 adapters=38
 compilation: enabled

Compilation events (0 events):
No events

GC Heap History (0 events):
No events

Deoptimization events (0 events):
No events

Internal exceptions (0 events):
No events

Events (10 events):
Event: 0.157 loading class java/lang/Short
Event: 0.158 loading class java/lang/Short done
Event: 0.158 loading class java/lang/Integer
Event: 0.158 loading class java/lang/Integer done
Event: 0.158 loading class java/lang/Long
Event: 0.158 loading class java/lang/Long done
Event: 0.161 loading class java/lang/NullPointerException
Event: 0.161 loading class java/lang/NullPointerException done
Event: 0.161 loading class java/lang/ArithmeticException
Event: 0.161 loading class java/lang/ArithmeticException done


Dynamic libraries:
0x00007ff6ef950000 - 0x00007ff6ef987000 	C:\Program Files\Java\jdk1.8.0_111\bin\javaw.exe
0x00007ffc7f530000 - 0x00007ffc7f6dd000 	C:\Windows\SYSTEM32\ntdll.dll
0x00007ffc7d710000 - 0x00007ffc7d84a000 	C:\Windows\system32\KERNEL32.DLL
0x00007ffc7c810000 - 0x00007ffc7c925000 	C:\Windows\system32\KERNELBASE.dll
0x00007ffc7b340000 - 0x00007ffc7b3c8000 	C:\Windows\system32\apphelp.dll
0x00007ffc63d80000 - 0x00007ffc63dcf000 	C:\Windows\AppPatch\AppPatch64\AcGenral.DLL
0x00007ffc7d660000 - 0x00007ffc7d707000 	C:\Windows\system32\msvcrt.dll
0x00007ffc7c570000 - 0x00007ffc7c59b000 	C:\Windows\SYSTEM32\SspiCli.dll
0x00007ffc7ceb0000 - 0x00007ffc7cf01000 	C:\Windows\system32\SHLWAPI.dll
0x00007ffc7d4e0000 - 0x00007ffc7d651000 	C:\Windows\system32\USER32.dll
0x00007ffc7cd20000 - 0x00007ffc7ce98000 	C:\Windows\system32\ole32.dll
0x00007ffc7dc20000 - 0x00007ffc7f14a000 	C:\Windows\system32\SHELL32.dll
0x00007ffc7bd20000 - 0x00007ffc7bd3e000 	C:\Windows\SYSTEM32\USERENV.dll
0x00007ffc7d0b0000 - 0x00007ffc7d15a000 	C:\Windows\system32\ADVAPI32.dll
0x00007ffc6bbe0000 - 0x00007ffc6bbfb000 	C:\Windows\SYSTEM32\MPR.dll
0x00007ffc7dac0000 - 0x00007ffc7dbf6000 	C:\Windows\system32\RPCRT4.dll
0x00007ffc7d3d0000 - 0x00007ffc7d427000 	C:\Windows\SYSTEM32\sechost.dll
0x00007ffc7d8a0000 - 0x00007ffc7dab1000 	C:\Windows\SYSTEM32\combase.dll
0x00007ffc7d260000 - 0x00007ffc7d3b0000 	C:\Windows\system32\GDI32.dll
0x00007ffc7c740000 - 0x00007ffc7c754000 	C:\Windows\SYSTEM32\profapi.dll
0x00007ffc7abb0000 - 0x00007ffc7ac4f000 	C:\Windows\SYSTEM32\SHCORE.dll
0x00007ffc7d860000 - 0x00007ffc7d894000 	C:\Windows\system32\IMM32.DLL
0x00007ffc7cf10000 - 0x00007ffc7d049000 	C:\Windows\system32\MSCTF.dll
0x00007ffc7a2d0000 - 0x00007ffc7a52a000 	C:\Windows\WinSxS\amd64_microsoft.windows.common-controls_6595b64144ccf1df_6.0.9600.17031_none_6242a4b3ecbb55a1\COMCTL32.dll
0x000000006c7f0000 - 0x000000006c8c2000 	C:\Program Files\Java\jdk1.8.0_111\jre\bin\msvcr100.dll
0x000000006bf50000 - 0x000000006c7ea000 	C:\Program Files\Java\jdk1.8.0_111\jre\bin\server\jvm.dll
0x00007ffc75000000 - 0x00007ffc75009000 	C:\Windows\SYSTEM32\WSOCK32.dll
0x00007ffc6b1e0000 - 0x00007ffc6b1ff000 	C:\Windows\SYSTEM32\WINMM.dll
0x00007ffc74af0000 - 0x00007ffc74afa000 	C:\Windows\SYSTEM32\VERSION.dll
0x00007ffc7d850000 - 0x00007ffc7d857000 	C:\Windows\system32\PSAPI.DLL
0x00007ffc7d050000 - 0x00007ffc7d0a8000 	C:\Windows\system32\WS2_32.dll
0x00007ffc6b1b0000 - 0x00007ffc6b1da000 	C:\Windows\SYSTEM32\WINMMBASE.dll
0x00007ffc7cea0000 - 0x00007ffc7cea9000 	C:\Windows\system32\NSI.dll
0x00007ffc7cb10000 - 0x00007ffc7cb5a000 	C:\Windows\SYSTEM32\cfgmgr32.dll
0x00007ffc7b590000 - 0x00007ffc7b5b6000 	C:\Windows\SYSTEM32\DEVOBJ.dll
0x000000006d5b0000 - 0x000000006d5bf000 	C:\Program Files\Java\jdk1.8.0_111\jre\bin\verify.dll
0x000000006bf20000 - 0x000000006bf49000 	C:\Program Files\Java\jdk1.8.0_111\jre\bin\java.dll
0x000000006bf00000 - 0x000000006bf16000 	C:\Program Files\Java\jdk1.8.0_111\jre\bin\zip.dll

VM Arguments:
jvm_args: -Dant.home=C:\Users\KING\.p2\pool\plugins\org.apache.ant_1.9.6.v201510161327 -Dant.library.dir=C:\Users\KING\.p2\pool\plugins\org.apache.ant_1.9.6.v201510161327\lib -Djava.library.path=C:\Users\KING\eclipse\java-neon\eclipse;C:\Windows\Sun\Java\bin;C:\Windows\system32;C:\Windows;C:/Program Files/Java/jre1.8.0_111/bin/server;C:/Program Files/Java/jre1.8.0_111/bin;C:/Program Files/Java/jre1.8.0_111/lib/amd64;C:\ProgramData\Oracle\Java\javapath;C:\Program Files (x86)\Intel\iCLS Client\;C:\Program Files\Intel\iCLS Client\;C:\Windows\system32;C:\Windows;C:\Windows\System32\Wbem;C:\Windows\System32\WindowsPowerShell\v1.0\;C:\Program Files\Intel\Intel(R) Management Engine Components\DAL;C:\Program Files\Intel\Intel(R) Management Engine Components\IPT;C:\Program Files (x86)\Intel\Intel(R) Management Engine Components\DAL;C:\Program Files (x86)\Intel\Intel(R) Management Engine Components\IPT;C:\Program Files (x86)\IVI Foundation\VISA\WinNT\Bin\;C:\Program Files\IVI Foundation\VISA\Win64\Bin\;C:\Program Files\Microsoft\Web Platform Installer\;C:\Program Files (x86)\Microsoft ASP.NET\ASP.NET Web Pages\v1.0\;C:\Program Files\Microsoft SQL Server\110\Tools\Binn\;C:\Program Files\TortoiseHg\;C:\Program Files\Git\cmd;C:\Users\KING\eclipse\java-neon\eclipse;;.;C:\Users\KING\eclipse\java-neon\eclipse\configuration\org.eclipse.osgi\579\0\.cp -Dfile.encoding=UTF-8 
java_command: org.eclipse.ant.internal.launching.remote.InternalAntRunner -Dorg.eclipse.ant.core.ANT_PROCESS_ID=1490908158148 -Declipse.connect.port=64637 -Dant.home=C:\Users\KING\.p2\pool\plugins\org.apache.ant_1.9.6.v201510161327 -logger org.eclipse.ant.internal.launching.remote.logger.RemoteAntBuildLogger -inputhandler org.eclipse.ant.internal.ui.antsupport.inputhandler.ProxyInputHandler -buildfile C:\Users\KING\workspace\FRC-Steamworks-2.0\build.xml deploy
java_class_path (initial): C:\Users\KING\.p2\pool\plugins\org.apache.ant_1.9.6.v201510161327\lib\ant-antlr.jar;C:\Users\KING\.p2\pool\plugins\org.apache.ant_1.9.6.v201510161327\lib\ant-apache-bcel.jar;C:\Users\KING\.p2\pool\plugins\org.apache.ant_1.9.6.v201510161327\lib\ant-apache-bsf.jar;C:\Users\KING\.p2\pool\plugins\org.apache.ant_1.9.6.v201510161327\lib\ant-apache-log4j.jar;C:\Users\KING\.p2\pool\plugins\org.apache.ant_1.9.6.v201510161327\lib\ant-apache-oro.jar;C:\Users\KING\.p2\pool\plugins\org.apache.ant_1.9.6.v201510161327\lib\ant-apache-regexp.jar;C:\Users\KING\.p2\pool\plugins\org.apache.ant_1.9.6.v201510161327\lib\ant-apache-resolver.jar;C:\Users\KING\.p2\pool\plugins\org.apache.ant_1.9.6.v201510161327\lib\ant-apache-xalan2.jar;C:\Users\KING\.p2\pool\plugins\org.apache.ant_1.9.6.v201510161327\lib\ant-commons-logging.jar;C:\Users\KING\.p2\pool\plugins\org.apache.ant_1.9.6.v201510161327\lib\ant-commons-net.jar;C:\Users\KING\.p2\pool\plugins\org.apache.ant_1.9.6.v201510161327\lib\ant-jai.jar;C:\Users\KING\.p2\pool\plugins\org.apache.ant_1.9.6.v201510161327\lib\ant-javamail.jar;C:\Users\KING\.p2\pool\plugins\org.apache.ant_1.9.6.v201510161327\lib\ant-jdepend.jar;C:\Users\KING\.p2\pool\plugins\org.apache.ant_1.9.6.v201510161327\lib\ant-jmf.jar;C:\Users\KING\.p2\pool\plugins\org.apache.ant_1.9.6.v201510161327\lib\ant-jsch.jar;C:\Users\KING\.p2\pool\plugins\org.apache.ant_1.9.6.v201510161327\lib\ant-junit.jar;C:\Users\KING\.p2\pool\plugins\org.apache.ant_1.9.6.v201510161327\lib\ant-junit4.jar;C:\Users\KING\.p2\pool\plugins\org.apache.ant_1.9.6.v201510161327\lib\ant-launcher.jar;C:\Users\KING\.p2\pool\plugins\org.apache.ant_1.9.6.v201510161327\lib\ant-netrexx.jar;C:\Users\KING\.p2\pool\plugins\org.apache.ant_1.9.6.v201510161327\lib\ant-swing.jar;C:\Users\KING\.p2\pool\plugins\org.apache.ant_1.9.6.v201510161327\lib\ant-testutil.jar;C:\Users\KING\.p2\pool\plugins\org.apache.ant_1.9.6.v201510161327\lib\ant.jar;C:\Users\KING\eclipse\java-neon\eclipse\configuration\o
Launcher Type: SUN_STANDARD

Environment Variables:
PATH=C:/Program Files/Java/jre1.8.0_111/bin/server;C:/Program Files/Java/jre1.8.0_111/bin;C:/Program Files/Java/jre1.8.0_111/lib/amd64;C:\ProgramData\Oracle\Java\javapath;C:\Program Files (x86)\Intel\iCLS Client\;C:\Program Files\Intel\iCLS Client\;C:\Windows\system32;C:\Windows;C:\Windows\System32\Wbem;C:\Windows\System32\WindowsPowerShell\v1.0\;C:\Program Files\Intel\Intel(R) Management Engine Components\DAL;C:\Program Files\Intel\Intel(R) Management Engine Components\IPT;C:\Program Files (x86)\Intel\Intel(R) Management Engine Components\DAL;C:\Program Files (x86)\Intel\Intel(R) Management Engine Components\IPT;C:\Program Files (x86)\IVI Foundation\VISA\WinNT\Bin\;C:\Program Files\IVI Foundation\VISA\Win64\Bin\;C:\Program Files\Microsoft\Web Platform Installer\;C:\Program Files (x86)\Microsoft ASP.NET\ASP.NET Web Pages\v1.0\;C:\Program Files\Microsoft SQL Server\110\Tools\Binn\;C:\Program Files\TortoiseHg\;C:\Program Files\Git\cmd;C:\Users\KING\eclipse\java-neon\eclipse;
USERNAME=KING
OS=Windows_NT
PROCESSOR_IDENTIFIER=Intel64 Family 6 Model 58 Stepping 9, GenuineIntel



---------------  S Y S T E M  ---------------

OS: Windows 8.1 , 64 bit Build 9600 (6.3.9600.17056)

CPU:total 4 (2 cores per cpu, 2 threads per core) family 6 model 58 stepping 9, cmov, cx8, fxsr, mmx, sse, sse2, sse3, ssse3, sse4.1, sse4.2, popcnt, avx, aes, clmul, erms, ht, tsc, tscinvbit, tscinv

Memory: 4k page, physical 4076112k(693620k free), swap 4600404k(5260k free)

vm_info: Java HotSpot(TM) 64-Bit Server VM (25.111-b14) for windows-amd64 JRE (1.8.0_111-b14), built on Sep 22 2016 19:24:05 by "java_re" with MS VC++ 10.0 (VS2010)

time: Thu Mar 30 16:09:18 2017
elapsed time: 0 seconds (0d 0h 0m 0s)

