#
# There is insufficient memory for the Java Runtime Environment to continue.
# Native memory allocation (malloc) failed to allocate 369728 bytes for Chunk::new
# Possible reasons:
#   The system is out of physical RAM or swap space
#   In 32 bit mode, the process size limit was hit
# Possible solutions:
#   Reduce memory load on the system
#   Increase physical memory or swap space
#   Check if swap backing store is full
#   Use 64 bit Java on a 64 bit OS
#   Decrease Java heap size (-Xmx/-Xms)
#   Decrease number of Java threads
#   Decrease Java thread stack sizes (-Xss)
#   Set larger code cache with -XX:ReservedCodeCacheSize=
# This output file may be truncated or incomplete.
#
#  Out of Memory Error (allocation.cpp:390), pid=1348, tid=0x0000000000001bcc
#
# JRE version: Java(TM) SE Runtime Environment (8.0_111-b14) (build 1.8.0_111-b14)
# Java VM: Java HotSpot(TM) 64-Bit Server VM (25.111-b14 mixed mode windows-amd64 compressed oops)
# Failed to write core dump. Minidumps are not enabled by default on client versions of Windows
#

---------------  T H R E A D  ---------------

Current thread (0x000000001513f000):  JavaThread "C2 CompilerThread1" daemon [_thread_in_native, id=7116, stack(0x0000000016860000,0x0000000016960000)]

Stack: [0x0000000016860000,0x0000000016960000]
[error occurred during error reporting (printing stack bounds), id 0xc0000005]

Native frames: (J=compiled Java code, j=interpreted, Vv=VM code, C=native code)


Current CompileTask:
C2:   8266 2672   !   4       java.util.jar.Attributes::read (380 bytes)


---------------  P R O C E S S  ---------------

Java Threads: ( => current thread )
  0x000000001770e000 JavaThread "Keep-Alive-Timer" daemon [_thread_blocked, id=6828, stack(0x0000000019500000,0x0000000019600000)]
  0x000000001517d000 JavaThread "Service Thread" daemon [_thread_blocked, id=2296, stack(0x0000000016e60000,0x0000000016f60000)]
  0x0000000015145000 JavaThread "C1 CompilerThread2" daemon [_thread_blocked, id=1128, stack(0x0000000016960000,0x0000000016a60000)]
=>0x000000001513f000 JavaThread "C2 CompilerThread1" daemon [_thread_in_native, id=7116, stack(0x0000000016860000,0x0000000016960000)]
  0x0000000015124000 JavaThread "C2 CompilerThread0" daemon [_thread_blocked, id=3028, stack(0x0000000016760000,0x0000000016860000)]
  0x000000001511f000 JavaThread "Attach Listener" daemon [_thread_blocked, id=3308, stack(0x0000000016660000,0x0000000016760000)]
  0x000000001511d800 JavaThread "Signal Dispatcher" daemon [_thread_blocked, id=5220, stack(0x0000000016560000,0x0000000016660000)]
  0x0000000002a7c000 JavaThread "Finalizer" daemon [_thread_blocked, id=2736, stack(0x0000000016380000,0x0000000016480000)]
  0x0000000002a73000 JavaThread "Reference Handler" daemon [_thread_blocked, id=2240, stack(0x0000000016280000,0x0000000016380000)]
  0x0000000002982800 JavaThread "main" [_thread_in_native, id=5720, stack(0x0000000002850000,0x0000000002950000)]

Other Threads:
  0x00000000150e7000 VMThread [stack: 0x0000000016180000,0x0000000016280000] [id=3704]
  0x0000000016abe800 WatcherThread [stack: 0x0000000016f60000,0x0000000017060000] [id=824]

VM state:not at safepoint (normal execution)

VM Mutex/Monitor currently owned by a thread: None

Heap:
 PSYoungGen      total 35328K, used 32962K [0x00000000eb400000, 0x00000000ed900000, 0x0000000100000000)
  eden space 32768K, 92% used [0x00000000eb400000,0x00000000ed1b4a58,0x00000000ed400000)
  from space 2560K, 99% used [0x00000000ed680000,0x00000000ed8fc020,0x00000000ed900000)
  to   space 2560K, 0% used [0x00000000ed400000,0x00000000ed400000,0x00000000ed680000)
 ParOldGen       total 44032K, used 9607K [0x00000000c1c00000, 0x00000000c4700000, 0x00000000eb400000)
  object space 44032K, 21% used [0x00000000c1c00000,0x00000000c2561c58,0x00000000c4700000)
 Metaspace       used 18077K, capacity 18378K, committed 18688K, reserved 1064960K
  class space    used 2068K, capacity 2199K, committed 2304K, reserved 1048576K

Card table byte_map: [0x0000000011f10000,0x0000000012110000] byte_map_base: 0x0000000011902000

Marking Bits: (ParMarkBitMap*) 0x000000005253a6c0
 Begin Bits: [0x0000000012660000, 0x00000000135f0000)
 End Bits:   [0x00000000135f0000, 0x0000000014580000)

Polling page: 0x0000000002950000

CodeCache: size=245760Kb used=9121Kb max_used=9135Kb free=236638Kb
 bounds [0x0000000002b50000, 0x0000000003440000, 0x0000000011b50000]
 total_blobs=3085 nmethods=2687 adapters=309
 compilation: enabled

Compilation events (10 events):
Event: 8.214 Thread 0x0000000015145000 2682       3       com.sun.crypto.provider.ARCFOURCipher::engineUpdate (33 bytes)
Event: 8.215 Thread 0x0000000015145000 nmethod 2682 0x0000000003438450 code [0x00000000034385e0, 0x0000000003438878]
Event: 8.216 Thread 0x0000000015145000 2685       1       java.lang.reflect.Constructor::getConstructorAccessor (5 bytes)
Event: 8.216 Thread 0x0000000015145000 nmethod 2685 0x0000000003438a10 code [0x0000000003438b60, 0x0000000003438c70]
Event: 8.217 Thread 0x0000000015145000 2686   !   3       java.security.Security::getSpiClass (72 bytes)
Event: 8.218 Thread 0x0000000015145000 nmethod 2686 0x0000000003438cd0 code [0x0000000003438f20, 0x0000000003439d08]
Event: 8.219 Thread 0x0000000015145000 2687       3       sun.security.jca.GetInstance$Instance::toArray (19 bytes)
Event: 8.219 Thread 0x0000000015145000 nmethod 2687 0x000000000343a390 code [0x000000000343a500, 0x000000000343a930]
Event: 8.223 Thread 0x0000000015124000 2688 %     4       sun.security.provider.SHA::implCompress @ 12 (491 bytes)
Event: 8.250 Thread 0x0000000015124000 nmethod 2688% 0x000000000343e190 code [0x000000000343e2e0, 0x000000000343edb8]

GC Heap History (8 events):
Event: 2.400 GC heap before
{Heap before GC invocations=1 (full 0):
 PSYoungGen      total 18944K, used 16384K [0x00000000eb400000, 0x00000000ec900000, 0x0000000100000000)
  eden space 16384K, 100% used [0x00000000eb400000,0x00000000ec400000,0x00000000ec400000)
  from space 2560K, 0% used [0x00000000ec680000,0x00000000ec680000,0x00000000ec900000)
  to   space 2560K, 0% used [0x00000000ec400000,0x00000000ec400000,0x00000000ec680000)
 ParOldGen       total 44032K, used 0K [0x00000000c1c00000, 0x00000000c4700000, 0x00000000eb400000)
  object space 44032K, 0% used [0x00000000c1c00000,0x00000000c1c00000,0x00000000c4700000)
 Metaspace       used 7517K, capacity 7698K, committed 7936K, reserved 1056768K
  class space    used 822K, capacity 901K, committed 1024K, reserved 1048576K
Event: 2.414 GC heap after
Heap after GC invocations=1 (full 0):
 PSYoungGen      total 18944K, used 2534K [0x00000000eb400000, 0x00000000ec900000, 0x0000000100000000)
  eden space 16384K, 0% used [0x00000000eb400000,0x00000000eb400000,0x00000000ec400000)
  from space 2560K, 98% used [0x00000000ec400000,0x00000000ec679888,0x00000000ec680000)
  to   space 2560K, 0% used [0x00000000ec680000,0x00000000ec680000,0x00000000ec900000)
 ParOldGen       total 44032K, used 1602K [0x00000000c1c00000, 0x00000000c4700000, 0x00000000eb400000)
  object space 44032K, 3% used [0x00000000c1c00000,0x00000000c1d90838,0x00000000c4700000)
 Metaspace       used 7517K, capacity 7698K, committed 7936K, reserved 1056768K
  class space    used 822K, capacity 901K, committed 1024K, reserved 1048576K
}
Event: 3.292 GC heap before
{Heap before GC invocations=2 (full 0):
 PSYoungGen      total 18944K, used 18918K [0x00000000eb400000, 0x00000000ec900000, 0x0000000100000000)
  eden space 16384K, 100% used [0x00000000eb400000,0x00000000ec400000,0x00000000ec400000)
  from space 2560K, 98% used [0x00000000ec400000,0x00000000ec679888,0x00000000ec680000)
  to   space 2560K, 0% used [0x00000000ec680000,0x00000000ec680000,0x00000000ec900000)
 ParOldGen       total 44032K, used 1602K [0x00000000c1c00000, 0x00000000c4700000, 0x00000000eb400000)
  object space 44032K, 3% used [0x00000000c1c00000,0x00000000c1d90838,0x00000000c4700000)
 Metaspace       used 11028K, capacity 11224K, committed 11520K, reserved 1058816K
  class space    used 1324K, capacity 1414K, committed 1536K, reserved 1048576K
Event: 3.301 GC heap after
Heap after GC invocations=2 (full 0):
 PSYoungGen      total 18944K, used 2544K [0x00000000eb400000, 0x00000000ec900000, 0x0000000100000000)
  eden space 16384K, 0% used [0x00000000eb400000,0x00000000eb400000,0x00000000ec400000)
  from space 2560K, 99% used [0x00000000ec680000,0x00000000ec8fc060,0x00000000ec900000)
  to   space 2560K, 0% used [0x00000000ec400000,0x00000000ec400000,0x00000000ec680000)
 ParOldGen       total 44032K, used 2687K [0x00000000c1c00000, 0x00000000c4700000, 0x00000000eb400000)
  object space 44032K, 6% used [0x00000000c1c00000,0x00000000c1e9fd70,0x00000000c4700000)
 Metaspace       used 11028K, capacity 11224K, committed 11520K, reserved 1058816K
  class space    used 1324K, capacity 1414K, committed 1536K, reserved 1048576K
}
Event: 4.031 GC heap before
{Heap before GC invocations=3 (full 0):
 PSYoungGen      total 18944K, used 18928K [0x00000000eb400000, 0x00000000ec900000, 0x0000000100000000)
  eden space 16384K, 100% used [0x00000000eb400000,0x00000000ec400000,0x00000000ec400000)
  from space 2560K, 99% used [0x00000000ec680000,0x00000000ec8fc060,0x00000000ec900000)
  to   space 2560K, 0% used [0x00000000ec400000,0x00000000ec400000,0x00000000ec680000)
 ParOldGen       total 44032K, used 2687K [0x00000000c1c00000, 0x00000000c4700000, 0x00000000eb400000)
  object space 44032K, 6% used [0x00000000c1c00000,0x00000000c1e9fd70,0x00000000c4700000)
 Metaspace       used 12476K, capacity 12632K, committed 12928K, reserved 1060864K
  class space    used 1467K, capacity 1542K, committed 1664K, reserved 1048576K
Event: 4.048 GC heap after
Heap after GC invocations=3 (full 0):
 PSYoungGen      total 18944K, used 2551K [0x00000000eb400000, 0x00000000ed900000, 0x0000000100000000)
  eden space 16384K, 0% used [0x00000000eb400000,0x00000000eb400000,0x00000000ec400000)
  from space 2560K, 99% used [0x00000000ec400000,0x00000000ec67dde8,0x00000000ec680000)
  to   space 2560K, 0% used [0x00000000ed680000,0x00000000ed680000,0x00000000ed900000)
 ParOldGen       total 44032K, used 8198K [0x00000000c1c00000, 0x00000000c4700000, 0x00000000eb400000)
  object space 44032K, 18% used [0x00000000c1c00000,0x00000000c2401848,0x00000000c4700000)
 Metaspace       used 12476K, capacity 12632K, committed 12928K, reserved 1060864K
  class space    used 1467K, capacity 1542K, committed 1664K, reserved 1048576K
}
Event: 4.806 GC heap before
{Heap before GC invocations=4 (full 0):
 PSYoungGen      total 18944K, used 18935K [0x00000000eb400000, 0x00000000ed900000, 0x0000000100000000)
  eden space 16384K, 100% used [0x00000000eb400000,0x00000000ec400000,0x00000000ec400000)
  from space 2560K, 99% used [0x00000000ec400000,0x00000000ec67dde8,0x00000000ec680000)
  to   space 2560K, 0% used [0x00000000ed680000,0x00000000ed680000,0x00000000ed900000)
 ParOldGen       total 44032K, used 8198K [0x00000000c1c00000, 0x00000000c4700000, 0x00000000eb400000)
  object space 44032K, 18% used [0x00000000c1c00000,0x00000000c2401848,0x00000000c4700000)
 Metaspace       used 13708K, capacity 13880K, committed 13952K, reserved 1060864K
  class space    used 1586K, capacity 1638K, committed 1664K, reserved 1048576K
Event: 4.818 GC heap after
Heap after GC invocations=4 (full 0):
 PSYoungGen      total 35328K, used 2544K [0x00000000eb400000, 0x00000000ed900000, 0x0000000100000000)
  eden space 32768K, 0% used [0x00000000eb400000,0x00000000eb400000,0x00000000ed400000)
  from space 2560K, 99% used [0x00000000ed680000,0x00000000ed8fc020,0x00000000ed900000)
  to   space 2560K, 0% used [0x00000000ed400000,0x00000000ed400000,0x00000000ed680000)
 ParOldGen       total 44032K, used 9607K [0x00000000c1c00000, 0x00000000c4700000, 0x00000000eb400000)
  object space 44032K, 21% used [0x00000000c1c00000,0x00000000c2561c58,0x00000000c4700000)
 Metaspace       used 13708K, capacity 13880K, committed 13952K, reserved 1060864K
  class space    used 1586K, capacity 1638K, committed 1664K, reserved 1048576K
}

Deoptimization events (10 events):
Event: 7.741 Thread 0x0000000002982800 Uncommon trap: reason=bimorphic action=maybe_recompile pc=0x0000000003073a90 method=java.util.HashMap.putVal(ILjava/lang/Object;Ljava/lang/Object;ZZ)Ljava/lang/Object; @ 253
Event: 7.741 Thread 0x0000000002982800 Uncommon trap: reason=bimorphic action=maybe_recompile pc=0x0000000003073a90 method=java.util.HashMap.putVal(ILjava/lang/Object;Ljava/lang/Object;ZZ)Ljava/lang/Object; @ 253
Event: 7.741 Thread 0x0000000002982800 Uncommon trap: reason=bimorphic action=maybe_recompile pc=0x0000000003073a90 method=java.util.HashMap.putVal(ILjava/lang/Object;Ljava/lang/Object;ZZ)Ljava/lang/Object; @ 253
Event: 7.741 Thread 0x0000000002982800 Uncommon trap: reason=bimorphic action=maybe_recompile pc=0x0000000003073a90 method=java.util.HashMap.putVal(ILjava/lang/Object;Ljava/lang/Object;ZZ)Ljava/lang/Object; @ 253
Event: 7.846 Thread 0x0000000002982800 Uncommon trap: reason=class_check action=maybe_recompile pc=0x0000000002f550d4 method=java.lang.StringCoding$StringDecoder.decode([BII)[C @ 30
Event: 7.914 Thread 0x0000000002982800 Uncommon trap: reason=unstable_if action=reinterpret pc=0x0000000002f5ebe8 method=java.util.LinkedHashMap.get(Ljava/lang/Object;)Ljava/lang/Object; @ 20
Event: 7.942 Thread 0x0000000002982800 Uncommon trap: reason=unstable_if action=reinterpret pc=0x0000000003395598 method=java.util.regex.Pattern$BmpCharProperty.match(Ljava/util/regex/Matcher;ILjava/lang/CharSequence;)Z @ 5
Event: 7.944 Thread 0x0000000002982800 Uncommon trap: reason=unstable_if action=reinterpret pc=0x00000000032a90c4 method=sun.util.calendar.BaseCalendar.getFixedDate(IIILsun/util/calendar/BaseCalendar$Date;)J @ 33
Event: 7.944 Thread 0x0000000002982800 Uncommon trap: reason=unstable_if action=reinterpret pc=0x0000000002d0d86c method=sun.util.calendar.CalendarUtils.isGregorianLeapYear(I)Z @ 3
Event: 7.944 Thread 0x0000000002982800 Uncommon trap: reason=unstable_if action=reinterpret pc=0x000000000329619c method=sun.util.calendar.BaseCalendar.getCalendarDateFromFixedDate(Lsun/util/calendar/CalendarDate;J)V @ 198

Internal exceptions (10 events):
Event: 2.425 Thread 0x0000000002982800 Exception <a 'java/lang/ClassNotFoundException': org/apache/tools/ant/AntClassLoader> (0x00000000eb423520) thrown at [C:\re\workspace\8-2-build-windows-amd64-cygwin\jdk8u111\7883\hotspot\src\share\vm\classfile\systemDictionary.cpp, line 210]
Event: 2.425 Thread 0x0000000002982800 Exception <a 'java/lang/ClassNotFoundException': org/apache/tools/ant/AntClassLoader> (0x00000000eb423cb0) thrown at [C:\re\workspace\8-2-build-windows-amd64-cygwin\jdk8u111\7883\hotspot\src\share\vm\classfile\systemDictionary.cpp, line 210]
Event: 2.426 Thread 0x0000000002982800 Exception <a 'java/lang/ClassNotFoundException': org/apache/tools/ant/AntClassLoader> (0x00000000eb4253f8) thrown at [C:\re\workspace\8-2-build-windows-amd64-cygwin\jdk8u111\7883\hotspot\src\share\vm\classfile\systemDictionary.cpp, line 210]
Event: 2.474 Thread 0x0000000002982800 Exception <a 'java/io/FileNotFoundException'> (0x00000000eb494090) thrown at [C:\re\workspace\8-2-build-windows-amd64-cygwin\jdk8u111\7883\hotspot\src\share\vm\prims\jni.cpp, line 709]
Event: 3.813 Thread 0x0000000002982800 Exception <a 'java/io/FileNotFoundException'> (0x00000000ebe291d8) thrown at [C:\re\workspace\8-2-build-windows-amd64-cygwin\jdk8u111\7883\hotspot\src\share\vm\prims\jni.cpp, line 709]
Event: 3.823 Thread 0x0000000002982800 Exception <a 'java/io/FileNotFoundException'> (0x00000000ebe5fe38) thrown at [C:\re\workspace\8-2-build-windows-amd64-cygwin\jdk8u111\7883\hotspot\src\share\vm\prims\jni.cpp, line 709]
Event: 7.600 Thread 0x0000000002982800 Exception <a 'java/lang/NoSuchFieldError': method resolution failed> (0x00000000ec4d3a80) thrown at [C:\re\workspace\8-2-build-windows-amd64-cygwin\jdk8u111\7883\hotspot\src\share\vm\prims\methodHandles.cpp, line 1146]
Event: 7.602 Thread 0x0000000002982800 Exception <a 'java/lang/NoSuchFieldError': method resolution failed> (0x00000000ec4e1140) thrown at [C:\re\workspace\8-2-build-windows-amd64-cygwin\jdk8u111\7883\hotspot\src\share\vm\prims\methodHandles.cpp, line 1146]
Event: 7.673 Thread 0x0000000002982800 Implicit null exception at 0x0000000002eb51b3 to 0x0000000002eb54e5
Event: 7.673 Thread 0x0000000002982800 Implicit null exception at 0x000000000306605b to 0x00000000030667b1

Events (10 events):
Event: 8.219 loading class sun/security/jca/JCAUtil$CachedSecureRandomHolder
Event: 8.219 loading class sun/security/jca/JCAUtil$CachedSecureRandomHolder done
Event: 8.220 loading class sun/security/provider/SecureRandom$SeederHolder
Event: 8.220 loading class sun/security/provider/SecureRandom$SeederHolder done
Event: 8.220 loading class sun/security/provider/SeedGenerator
Event: 8.220 loading class sun/security/provider/SeedGenerator done
Event: 8.220 loading class sun/security/provider/NativeSeedGenerator
Event: 8.220 loading class sun/security/provider/NativeSeedGenerator done
Event: 8.222 loading class sun/security/provider/SeedGenerator$1
Event: 8.223 loading class sun/security/provider/SeedGenerator$1 done


Dynamic libraries:
0x00007ff7840e0000 - 0x00007ff784117000 	C:\Program Files\Java\jdk1.8.0_111\bin\javaw.exe
0x00007ff9c2880000 - 0x00007ff9c2a2d000 	C:\Windows\SYSTEM32\ntdll.dll
0x00007ff9c2610000 - 0x00007ff9c274a000 	C:\Windows\system32\KERNEL32.DLL
0x00007ff9bfe40000 - 0x00007ff9bff55000 	C:\Windows\system32\KERNELBASE.dll
0x00007ff9be690000 - 0x00007ff9be718000 	C:\Windows\system32\apphelp.dll
0x00007ff9a6530000 - 0x00007ff9a657f000 	C:\Windows\AppPatch\AppPatch64\AcGenral.DLL
0x00007ff9bffe0000 - 0x00007ff9c0087000 	C:\Windows\system32\msvcrt.dll
0x00007ff9bf8c0000 - 0x00007ff9bf8eb000 	C:\Windows\SYSTEM32\SspiCli.dll
0x00007ff9c0160000 - 0x00007ff9c01b1000 	C:\Windows\system32\SHLWAPI.dll
0x00007ff9c2490000 - 0x00007ff9c2601000 	C:\Windows\system32\USER32.dll
0x00007ff9c05a0000 - 0x00007ff9c0718000 	C:\Windows\system32\ole32.dll
0x00007ff9c0cc0000 - 0x00007ff9c21ea000 	C:\Windows\system32\SHELL32.dll
0x00007ff9bf090000 - 0x00007ff9bf0ae000 	C:\Windows\SYSTEM32\USERENV.dll
0x00007ff9c2200000 - 0x00007ff9c22aa000 	C:\Windows\system32\ADVAPI32.dll
0x00007ff9aeb80000 - 0x00007ff9aeb9b000 	C:\Windows\SYSTEM32\MPR.dll
0x00007ff9c0310000 - 0x00007ff9c0446000 	C:\Windows\system32\RPCRT4.dll
0x00007ff9c2820000 - 0x00007ff9c2877000 	C:\Windows\SYSTEM32\sechost.dll
0x00007ff9c0720000 - 0x00007ff9c0931000 	C:\Windows\SYSTEM32\combase.dll
0x00007ff9c0450000 - 0x00007ff9c05a0000 	C:\Windows\system32\GDI32.dll
0x00007ff9bfa90000 - 0x00007ff9bfaa4000 	C:\Windows\SYSTEM32\profapi.dll
0x00007ff9bdf00000 - 0x00007ff9bdf9f000 	C:\Windows\SYSTEM32\SHCORE.dll
0x00007ff9c0270000 - 0x00007ff9c02a4000 	C:\Windows\system32\IMM32.DLL
0x00007ff9c0940000 - 0x00007ff9c0a79000 	C:\Windows\system32\MSCTF.dll
0x00007ff9bca40000 - 0x00007ff9bcc9a000 	C:\Windows\WinSxS\amd64_microsoft.windows.common-controls_6595b64144ccf1df_6.0.9600.17031_none_6242a4b3ecbb55a1\COMCTL32.dll
0x00000000525c0000 - 0x0000000052692000 	C:\Program Files\Java\jdk1.8.0_111\jre\bin\msvcr100.dll
0x0000000051d20000 - 0x00000000525ba000 	C:\Program Files\Java\jdk1.8.0_111\jre\bin\server\jvm.dll
0x00007ff9b8350000 - 0x00007ff9b8359000 	C:\Windows\SYSTEM32\WSOCK32.dll
0x00007ff9ae4d0000 - 0x00007ff9ae4ef000 	C:\Windows\SYSTEM32\WINMM.dll
0x00007ff9b7e40000 - 0x00007ff9b7e4a000 	C:\Windows\SYSTEM32\VERSION.dll
0x00007ff9bffd0000 - 0x00007ff9bffd7000 	C:\Windows\system32\PSAPI.DLL
0x00007ff9c02b0000 - 0x00007ff9c0308000 	C:\Windows\system32\WS2_32.dll
0x00007ff9ae490000 - 0x00007ff9ae4ba000 	C:\Windows\SYSTEM32\WINMMBASE.dll
0x00007ff9c27b0000 - 0x00007ff9c27b9000 	C:\Windows\system32\NSI.dll
0x00007ff9bfb60000 - 0x00007ff9bfbaa000 	C:\Windows\SYSTEM32\cfgmgr32.dll
0x00007ff9be8e0000 - 0x00007ff9be906000 	C:\Windows\SYSTEM32\DEVOBJ.dll
0x0000000051d10000 - 0x0000000051d1f000 	C:\Program Files\Java\jdk1.8.0_111\jre\bin\verify.dll
0x0000000051ce0000 - 0x0000000051d09000 	C:\Program Files\Java\jdk1.8.0_111\jre\bin\java.dll
0x0000000051cc0000 - 0x0000000051cd6000 	C:\Program Files\Java\jdk1.8.0_111\jre\bin\zip.dll
0x0000000051ca0000 - 0x0000000051cba000 	C:\Program Files\Java\jdk1.8.0_111\jre\bin\net.dll
0x00007ff9bf2b0000 - 0x00007ff9bf308000 	C:\Windows\system32\mswsock.dll
0x0000000051c80000 - 0x0000000051c91000 	C:\Program Files\Java\jdk1.8.0_111\jre\bin\nio.dll
0x00007ff9bf0b0000 - 0x00007ff9bf153000 	C:\Windows\SYSTEM32\DNSAPI.dll
0x00000000537e0000 - 0x00000000537ea000 	C:\Program Files\National Instruments\Shared\mDNS Responder\nimdnsNSP.dll
0x00000000537d0000 - 0x00000000537e0000 	C:\Windows\SYSTEM32\nimdnsResponder.dll
0x00007ff9b80d0000 - 0x00007ff9b80e7000 	C:\Windows\SYSTEM32\VCRUNTIME140.dll
0x00007ff9b80c0000 - 0x00007ff9b80c4000 	C:\Windows\SYSTEM32\api-ms-win-crt-string-l1-1-0.dll
0x00007ff9b80b0000 - 0x00007ff9b80b3000 	C:\Windows\SYSTEM32\api-ms-win-crt-heap-l1-1-0.dll
0x00007ff9b80a0000 - 0x00007ff9b80a4000 	C:\Windows\SYSTEM32\api-ms-win-crt-stdio-l1-1-0.dll
0x00007ff9b8090000 - 0x00007ff9b8094000 	C:\Windows\SYSTEM32\api-ms-win-crt-runtime-l1-1-0.dll
0x00007ff9b8080000 - 0x00007ff9b8084000 	C:\Windows\SYSTEM32\api-ms-win-crt-convert-l1-1-0.dll
0x00007ff9b7f80000 - 0x00007ff9b8072000 	C:\Windows\SYSTEM32\ucrtbase.DLL
0x00007ff9bf960000 - 0x00007ff9bf96a000 	C:\Windows\SYSTEM32\CRYPTBASE.DLL
0x00007ff9bf8f0000 - 0x00007ff9bf953000 	C:\Windows\SYSTEM32\bcryptPrimitives.dll
0x00007ff9bb250000 - 0x00007ff9bb279000 	C:\Windows\SYSTEM32\Iphlpapi.DLL
0x00007ff9bb1b0000 - 0x00007ff9bb1ba000 	C:\Windows\SYSTEM32\WINNSI.DLL
0x00007ff9b01f0000 - 0x00007ff9b0204000 	C:\Windows\system32\napinsp.dll
0x00007ff9b0210000 - 0x00007ff9b0229000 	C:\Windows\system32\pnrpnsp.dll
0x00007ff9bd6f0000 - 0x00007ff9bd709000 	C:\Windows\system32\NLAapi.dll
0x00007ff9b0230000 - 0x00007ff9b023c000 	C:\Windows\System32\winrnr.dll
0x00007ff9b0240000 - 0x00007ff9b0253000 	C:\Windows\system32\wshbth.dll
0x00007ff9bac10000 - 0x00007ff9bac78000 	C:\Windows\System32\fwpuclnt.dll
0x00007ff9b7f70000 - 0x00007ff9b7f79000 	C:\Windows\System32\rasadhlp.dll
0x00007ff9ba990000 - 0x00007ff9ba9a4000 	C:\Windows\SYSTEM32\dhcpcsvc6.DLL
0x00007ff9bb420000 - 0x00007ff9bb439000 	C:\Windows\SYSTEM32\dhcpcsvc.DLL
0x0000000051c50000 - 0x0000000051c74000 	C:\Program Files\Java\jdk1.8.0_111\jre\bin\sunec.dll
0x0000000051c40000 - 0x0000000051c4b000 	C:\Program Files\Java\jdk1.8.0_111\jre\bin\sunmscapi.dll
0x00007ff9bfbb0000 - 0x00007ff9bfd87000 	C:\Windows\system32\CRYPT32.dll
0x00007ff9bfb40000 - 0x00007ff9bfb52000 	C:\Windows\system32\MSASN1.dll
0x00007ff9bf310000 - 0x00007ff9bf32e000 	C:\Windows\SYSTEM32\CRYPTSP.dll
0x00007ff9bef00000 - 0x00007ff9bef35000 	C:\Windows\system32\rsaenh.dll
0x00007ff9bf5c0000 - 0x00007ff9bf5e6000 	C:\Windows\SYSTEM32\bcrypt.dll

VM Arguments:
jvm_args: -Dant.home=C:\Users\KING\.p2\pool\plugins\org.apache.ant_1.9.6.v201510161327 -Dant.library.dir=C:\Users\KING\.p2\pool\plugins\org.apache.ant_1.9.6.v201510161327\lib -Djava.library.path=C:\Users\KING\eclipse\java-neon\eclipse;C:\Windows\Sun\Java\bin;C:\Windows\system32;C:\Windows;C:/Program Files/Java/jre1.8.0_111/bin/server;C:/Program Files/Java/jre1.8.0_111/bin;C:/Program Files/Java/jre1.8.0_111/lib/amd64;C:\ProgramData\Oracle\Java\javapath;C:\Program Files (x86)\Intel\iCLS Client\;C:\Program Files\Intel\iCLS Client\;C:\Windows\system32;C:\Windows;C:\Windows\System32\Wbem;C:\Windows\System32\WindowsPowerShell\v1.0\;C:\Program Files\Intel\Intel(R) Management Engine Components\DAL;C:\Program Files\Intel\Intel(R) Management Engine Components\IPT;C:\Program Files (x86)\Intel\Intel(R) Management Engine Components\DAL;C:\Program Files (x86)\Intel\Intel(R) Management Engine Components\IPT;C:\Program Files (x86)\IVI Foundation\VISA\WinNT\Bin\;C:\Program Files\IVI Foundation\VISA\Win64\Bin\;C:\Program Files\Microsoft\Web Platform Installer\;C:\Program Files (x86)\Microsoft ASP.NET\ASP.NET Web Pages\v1.0\;C:\Program Files\Microsoft SQL Server\110\Tools\Binn\;C:\Program Files\TortoiseHg\;C:\Users\KING\eclipse\java-neon\eclipse;;.;C:\Users\KING\eclipse\java-neon\eclipse\configuration\org.eclipse.osgi\579\0\.cp -Dfile.encoding=UTF-8 
java_command: org.eclipse.ant.internal.launching.remote.InternalAntRunner -Dorg.eclipse.ant.core.ANT_PROCESS_ID=1484357839427 -Declipse.connect.port=52567 -Dant.home=C:\Users\KING\.p2\pool\plugins\org.apache.ant_1.9.6.v201510161327 -logger org.eclipse.ant.internal.launching.remote.logger.RemoteAntBuildLogger -inputhandler org.eclipse.ant.internal.ui.antsupport.inputhandler.ProxyInputHandler -buildfile C:\Users\KING\workspace\PrototypeRobot\build.xml deploy
java_class_path (initial): C:\Users\KING\.p2\pool\plugins\org.apache.ant_1.9.6.v201510161327\lib\ant-antlr.jar;C:\Users\KING\.p2\pool\plugins\org.apache.ant_1.9.6.v201510161327\lib\ant-apache-bcel.jar;C:\Users\KING\.p2\pool\plugins\org.apache.ant_1.9.6.v201510161327\lib\ant-apache-bsf.jar;C:\Users\KING\.p2\pool\plugins\org.apache.ant_1.9.6.v201510161327\lib\ant-apache-log4j.jar;C:\Users\KING\.p2\pool\plugins\org.apache.ant_1.9.6.v201510161327\lib\ant-apache-oro.jar;C:\Users\KING\.p2\pool\plugins\org.apache.ant_1.9.6.v201510161327\lib\ant-apache-regexp.jar;C:\Users\KING\.p2\pool\plugins\org.apache.ant_1.9.6.v201510161327\lib\ant-apache-resolver.jar;C:\Users\KING\.p2\pool\plugins\org.apache.ant_1.9.6.v201510161327\lib\ant-apache-xalan2.jar;C:\Users\KING\.p2\pool\plugins\org.apache.ant_1.9.6.v201510161327\lib\ant-commons-logging.jar;C:\Users\KING\.p2\pool\plugins\org.apache.ant_1.9.6.v201510161327\lib\ant-commons-net.jar;C:\Users\KING\.p2\pool\plugins\org.apache.ant_1.9.6.v201510161327\lib\ant-jai.jar;C:\Users\KING\.p2\pool\plugins\org.apache.ant_1.9.6.v201510161327\lib\ant-javamail.jar;C:\Users\KING\.p2\pool\plugins\org.apache.ant_1.9.6.v201510161327\lib\ant-jdepend.jar;C:\Users\KING\.p2\pool\plugins\org.apache.ant_1.9.6.v201510161327\lib\ant-jmf.jar;C:\Users\KING\.p2\pool\plugins\org.apache.ant_1.9.6.v201510161327\lib\ant-jsch.jar;C:\Users\KING\.p2\pool\plugins\org.apache.ant_1.9.6.v201510161327\lib\ant-junit.jar;C:\Users\KING\.p2\pool\plugins\org.apache.ant_1.9.6.v201510161327\lib\ant-junit4.jar;C:\Users\KING\.p2\pool\plugins\org.apache.ant_1.9.6.v201510161327\lib\ant-launcher.jar;C:\Users\KING\.p2\pool\plugins\org.apache.ant_1.9.6.v201510161327\lib\ant-netrexx.jar;C:\Users\KING\.p2\pool\plugins\org.apache.ant_1.9.6.v201510161327\lib\ant-swing.jar;C:\Users\KING\.p2\pool\plugins\org.apache.ant_1.9.6.v201510161327\lib\ant-testutil.jar;C:\Users\KING\.p2\pool\plugins\org.apache.ant_1.9.6.v201510161327\lib\ant.jar;C:\Users\KING\eclipse\java-neon\eclipse\configuration\o
Launcher Type: SUN_STANDARD

Environment Variables:
PATH=C:/Program Files/Java/jre1.8.0_111/bin/server;C:/Program Files/Java/jre1.8.0_111/bin;C:/Program Files/Java/jre1.8.0_111/lib/amd64;C:\ProgramData\Oracle\Java\javapath;C:\Program Files (x86)\Intel\iCLS Client\;C:\Program Files\Intel\iCLS Client\;C:\Windows\system32;C:\Windows;C:\Windows\System32\Wbem;C:\Windows\System32\WindowsPowerShell\v1.0\;C:\Program Files\Intel\Intel(R) Management Engine Components\DAL;C:\Program Files\Intel\Intel(R) Management Engine Components\IPT;C:\Program Files (x86)\Intel\Intel(R) Management Engine Components\DAL;C:\Program Files (x86)\Intel\Intel(R) Management Engine Components\IPT;C:\Program Files (x86)\IVI Foundation\VISA\WinNT\Bin\;C:\Program Files\IVI Foundation\VISA\Win64\Bin\;C:\Program Files\Microsoft\Web Platform Installer\;C:\Program Files (x86)\Microsoft ASP.NET\ASP.NET Web Pages\v1.0\;C:\Program Files\Microsoft SQL Server\110\Tools\Binn\;C:\Program Files\TortoiseHg\;C:\Users\KING\eclipse\java-neon\eclipse;
USERNAME=KING
OS=Windows_NT
PROCESSOR_IDENTIFIER=Intel64 Family 6 Model 58 Stepping 9, GenuineIntel



---------------  S Y S T E M  ---------------

OS: Windows 8.1 , 64 bit Build 9600 (6.3.9600.17056)

CPU:total 4 (2 cores per cpu, 2 threads per core) family 6 model 58 stepping 9, cmov, cx8, fxsr, mmx, sse, sse2, sse3, ssse3, sse4.1, sse4.2, popcnt, avx, aes, clmul, erms, ht, tsc, tscinvbit, tscinv

Memory: 4k page, physical 4076112k(917732k free), swap 4600404k(4148k free)

vm_info: Java HotSpot(TM) 64-Bit Server VM (25.111-b14) for windows-amd64 JRE (1.8.0_111-b14), built on Sep 22 2016 19:24:05 by "java_re" with MS VC++ 10.0 (VS2010)

time: Fri Jan 13 19:37:27 2017
elapsed time: 8 seconds (0d 0h 0m 8s)

