#
# There is insufficient memory for the Java Runtime Environment to continue.
# Native memory allocation (malloc) failed to allocate 32744 bytes for ChunkPool::allocate
# Possible reasons:
#   The system is out of physical RAM or swap space
#   In 32 bit mode, the process size limit was hit
# Possible solutions:
#   Reduce memory load on the system
#   Increase physical memory or swap space
#   Check if swap backing store is full
#   Use 64 bit Java on a 64 bit OS
#   Decrease Java heap size (-Xmx/-Xms)
#   Decrease number of Java threads
#   Decrease Java thread stack sizes (-Xss)
#   Set larger code cache with -XX:ReservedCodeCacheSize=
# This output file may be truncated or incomplete.
#
#  Out of Memory Error (allocation.cpp:273), pid=6436, tid=0x0000000000001618
#
# JRE version: Java(TM) SE Runtime Environment (8.0_111-b14) (build 1.8.0_111-b14)
# Java VM: Java HotSpot(TM) 64-Bit Server VM (25.111-b14 mixed mode windows-amd64 compressed oops)
# Failed to write core dump. Minidumps are not enabled by default on client versions of Windows
#

---------------  T H R E A D  ---------------

Current thread (0x00000000147ba000):  JavaThread "C1 CompilerThread2" daemon [_thread_in_native, id=5656, stack(0x0000000015fe0000,0x00000000160e0000)]

Stack: [0x0000000015fe0000,0x00000000160e0000]
[error occurred during error reporting (printing stack bounds), id 0xc0000005]

Native frames: (J=compiled Java code, j=interpreted, Vv=VM code, C=native code)


Current CompileTask:
C1:  16462 2961       3      
[error occurred during error reporting (printing current compile task), id 0xe0000001]


---------------  P R O C E S S  ---------------

Java Threads: ( => current thread )
  0x0000000016968000 JavaThread "Connect thread roboRIO-2169-FRC.local session" [_thread_in_native, id=3500, stack(0x0000000019080000,0x0000000019180000)]
  0x0000000016968800 JavaThread "Keep-Alive-Timer" daemon [_thread_blocked, id=5816, stack(0x0000000018b80000,0x0000000018c80000)]
  0x0000000016100800 JavaThread "Service Thread" daemon [_thread_blocked, id=6296, stack(0x00000000164e0000,0x00000000165e0000)]
=>0x00000000147ba000 JavaThread "C1 CompilerThread2" daemon [_thread_in_native, id=5656, stack(0x0000000015fe0000,0x00000000160e0000)]
  0x00000000147b6000 JavaThread "C2 CompilerThread1" daemon [_thread_blocked, id=4752, stack(0x0000000015ee0000,0x0000000015fe0000)]
  0x00000000147b3800 JavaThread "C2 CompilerThread0" daemon [_thread_blocked, id=3096, stack(0x0000000015de0000,0x0000000015ee0000)]
  0x00000000147af000 JavaThread "Attach Listener" daemon [_thread_blocked, id=6784, stack(0x0000000015ce0000,0x0000000015de0000)]
  0x00000000147ad800 JavaThread "Signal Dispatcher" daemon [_thread_blocked, id=4852, stack(0x0000000015be0000,0x0000000015ce0000)]
  0x000000000215c000 JavaThread "Finalizer" daemon [_thread_blocked, id=6428, stack(0x0000000015a00000,0x0000000015b00000)]
  0x0000000002153000 JavaThread "Reference Handler" daemon [_thread_blocked, id=2432, stack(0x0000000015900000,0x0000000015a00000)]
  0x0000000002062800 JavaThread "main" [_thread_blocked, id=1520, stack(0x0000000000810000,0x0000000000910000)]

Other Threads:
  0x0000000014777000 VMThread [stack: 0x0000000015800000,0x0000000015900000] [id=2108]
  0x0000000016146000 WatcherThread [stack: 0x00000000165e0000,0x00000000166e0000] [id=1180]

VM state:not at safepoint (normal execution)

VM Mutex/Monitor currently owned by a thread: None

Heap:
 PSYoungGen      total 35328K, used 16352K [0x00000000eb400000, 0x00000000f0600000, 0x0000000100000000)
  eden space 32768K, 42% used [0x00000000eb400000,0x00000000ec17c338,0x00000000ed400000)
  from space 2560K, 99% used [0x00000000ed400000,0x00000000ed67c050,0x00000000ed680000)
  to   space 9216K, 0% used [0x00000000efd00000,0x00000000efd00000,0x00000000f0600000)
 ParOldGen       total 44032K, used 13833K [0x00000000c1c00000, 0x00000000c4700000, 0x00000000eb400000)
  object space 44032K, 31% used [0x00000000c1c00000,0x00000000c2982648,0x00000000c4700000)
 Metaspace       used 18826K, capacity 19154K, committed 19456K, reserved 1067008K
  class space    used 2137K, capacity 2275K, committed 2304K, reserved 1048576K

Card table byte_map: [0x00000000115a0000,0x00000000117a0000] byte_map_base: 0x0000000010f92000

Marking Bits: (ParMarkBitMap*) 0x000000005253a6c0
 Begin Bits: [0x0000000011cf0000, 0x0000000012c80000)
 End Bits:   [0x0000000012c80000, 0x0000000013c10000)

Polling page: 0x0000000000910000

CodeCache: size=245760Kb used=10089Kb max_used=10089Kb free=235670Kb
 bounds [0x00000000021e0000, 0x0000000002bd0000, 0x00000000111e0000]
 total_blobs=3356 nmethods=2953 adapters=314
 compilation: enabled

Compilation events (10 events):
Event: 16.015 Thread 0x00000000147ba000 nmethod 2956 0x0000000002bbcf90 code [0x0000000002bbd100, 0x0000000002bbd2c8]
Event: 16.015 Thread 0x00000000147ba000 2957  s!   3       javax.crypto.JceSecurity::getVerificationResult (143 bytes)
Event: 16.018 Thread 0x00000000147ba000 nmethod 2957 0x0000000002bbd350 code [0x0000000002bbd5c0, 0x0000000002bbe198]
Event: 16.091 Thread 0x00000000147ba000 2958       3       com.jcraft.jsch.Buffer::getString (31 bytes)
Event: 16.094 Thread 0x00000000147ba000 nmethod 2958 0x0000000002bbe6d0 code [0x0000000002bbe8a0, 0x0000000002bbf008]
Event: 16.327 Thread 0x00000000147ba000 2959       3       sun.security.jca.Providers::getProviderList (14 bytes)
Event: 16.328 Thread 0x00000000147ba000 nmethod 2959 0x0000000002bbf490 code [0x0000000002bbf620, 0x0000000002bbfa48]
Event: 16.328 Thread 0x00000000147ba000 2960       3       sun.security.jca.Providers::getThreadProviderList (18 bytes)
Event: 16.329 Thread 0x00000000147ba000 nmethod 2960 0x0000000002bbfb50 code [0x0000000002bbfcc0, 0x0000000002bbffe8]
Event: 16.441 Thread 0x00000000147ba000 2961       3       sun.nio.cs.UTF_8$Encoder::encodeArrayLoop (489 bytes)

GC Heap History (10 events):
Event: 2.417 GC heap before
{Heap before GC invocations=1 (full 0):
 PSYoungGen      total 18944K, used 16384K [0x00000000eb400000, 0x00000000ec900000, 0x0000000100000000)
  eden space 16384K, 100% used [0x00000000eb400000,0x00000000ec400000,0x00000000ec400000)
  from space 2560K, 0% used [0x00000000ec680000,0x00000000ec680000,0x00000000ec900000)
  to   space 2560K, 0% used [0x00000000ec400000,0x00000000ec400000,0x00000000ec680000)
 ParOldGen       total 44032K, used 0K [0x00000000c1c00000, 0x00000000c4700000, 0x00000000eb400000)
  object space 44032K, 0% used [0x00000000c1c00000,0x00000000c1c00000,0x00000000c4700000)
 Metaspace       used 7500K, capacity 7698K, committed 7936K, reserved 1056768K
  class space    used 822K, capacity 901K, committed 1024K, reserved 1048576K
Event: 2.430 GC heap after
Heap after GC invocations=1 (full 0):
 PSYoungGen      total 18944K, used 2557K [0x00000000eb400000, 0x00000000ec900000, 0x0000000100000000)
  eden space 16384K, 0% used [0x00000000eb400000,0x00000000eb400000,0x00000000ec400000)
  from space 2560K, 99% used [0x00000000ec400000,0x00000000ec67f668,0x00000000ec680000)
  to   space 2560K, 0% used [0x00000000ec680000,0x00000000ec680000,0x00000000ec900000)
 ParOldGen       total 44032K, used 1588K [0x00000000c1c00000, 0x00000000c4700000, 0x00000000eb400000)
  object space 44032K, 3% used [0x00000000c1c00000,0x00000000c1d8d220,0x00000000c4700000)
 Metaspace       used 7500K, capacity 7698K, committed 7936K, reserved 1056768K
  class space    used 822K, capacity 901K, committed 1024K, reserved 1048576K
}
Event: 3.351 GC heap before
{Heap before GC invocations=2 (full 0):
 PSYoungGen      total 18944K, used 18941K [0x00000000eb400000, 0x00000000ec900000, 0x0000000100000000)
  eden space 16384K, 100% used [0x00000000eb400000,0x00000000ec400000,0x00000000ec400000)
  from space 2560K, 99% used [0x00000000ec400000,0x00000000ec67f668,0x00000000ec680000)
  to   space 2560K, 0% used [0x00000000ec680000,0x00000000ec680000,0x00000000ec900000)
 ParOldGen       total 44032K, used 1588K [0x00000000c1c00000, 0x00000000c4700000, 0x00000000eb400000)
  object space 44032K, 3% used [0x00000000c1c00000,0x00000000c1d8d220,0x00000000c4700000)
 Metaspace       used 11024K, capacity 11224K, committed 11520K, reserved 1058816K
  class space    used 1326K, capacity 1414K, committed 1536K, reserved 1048576K
Event: 3.359 GC heap after
Heap after GC invocations=2 (full 0):
 PSYoungGen      total 18944K, used 2528K [0x00000000eb400000, 0x00000000ec900000, 0x0000000100000000)
  eden space 16384K, 0% used [0x00000000eb400000,0x00000000eb400000,0x00000000ec400000)
  from space 2560K, 98% used [0x00000000ec680000,0x00000000ec8f8060,0x00000000ec900000)
  to   space 2560K, 0% used [0x00000000ec400000,0x00000000ec400000,0x00000000ec680000)
 ParOldGen       total 44032K, used 2267K [0x00000000c1c00000, 0x00000000c4700000, 0x00000000eb400000)
  object space 44032K, 5% used [0x00000000c1c00000,0x00000000c1e36c50,0x00000000c4700000)
 Metaspace       used 11024K, capacity 11224K, committed 11520K, reserved 1058816K
  class space    used 1326K, capacity 1414K, committed 1536K, reserved 1048576K
}
Event: 4.073 GC heap before
{Heap before GC invocations=3 (full 0):
 PSYoungGen      total 18944K, used 18912K [0x00000000eb400000, 0x00000000ec900000, 0x0000000100000000)
  eden space 16384K, 100% used [0x00000000eb400000,0x00000000ec400000,0x00000000ec400000)
  from space 2560K, 98% used [0x00000000ec680000,0x00000000ec8f8060,0x00000000ec900000)
  to   space 2560K, 0% used [0x00000000ec400000,0x00000000ec400000,0x00000000ec680000)
 ParOldGen       total 44032K, used 2267K [0x00000000c1c00000, 0x00000000c4700000, 0x00000000eb400000)
  object space 44032K, 5% used [0x00000000c1c00000,0x00000000c1e36c50,0x00000000c4700000)
 Metaspace       used 12454K, capacity 12632K, committed 12928K, reserved 1060864K
  class space    used 1468K, capacity 1542K, committed 1664K, reserved 1048576K
Event: 4.090 GC heap after
Heap after GC invocations=3 (full 0):
 PSYoungGen      total 18944K, used 2528K [0x00000000eb400000, 0x00000000ed900000, 0x0000000100000000)
  eden space 16384K, 0% used [0x00000000eb400000,0x00000000eb400000,0x00000000ec400000)
  from space 2560K, 98% used [0x00000000ec400000,0x00000000ec678040,0x00000000ec680000)
  to   space 2560K, 0% used [0x00000000ed680000,0x00000000ed680000,0x00000000ed900000)
 ParOldGen       total 44032K, used 7806K [0x00000000c1c00000, 0x00000000c4700000, 0x00000000eb400000)
  object space 44032K, 17% used [0x00000000c1c00000,0x00000000c239f988,0x00000000c4700000)
 Metaspace       used 12454K, capacity 12632K, committed 12928K, reserved 1060864K
  class space    used 1468K, capacity 1542K, committed 1664K, reserved 1048576K
}
Event: 4.850 GC heap before
{Heap before GC invocations=4 (full 0):
 PSYoungGen      total 18944K, used 18912K [0x00000000eb400000, 0x00000000ed900000, 0x0000000100000000)
  eden space 16384K, 100% used [0x00000000eb400000,0x00000000ec400000,0x00000000ec400000)
  from space 2560K, 98% used [0x00000000ec400000,0x00000000ec678040,0x00000000ec680000)
  to   space 2560K, 0% used [0x00000000ed680000,0x00000000ed680000,0x00000000ed900000)
 ParOldGen       total 44032K, used 7806K [0x00000000c1c00000, 0x00000000c4700000, 0x00000000eb400000)
  object space 44032K, 17% used [0x00000000c1c00000,0x00000000c239f988,0x00000000c4700000)
 Metaspace       used 13715K, capacity 13880K, committed 13952K, reserved 1060864K
  class space    used 1587K, capacity 1638K, committed 1664K, reserved 1048576K
Event: 4.861 GC heap after
Heap after GC invocations=4 (full 0):
 PSYoungGen      total 35328K, used 2546K [0x00000000eb400000, 0x00000000ed900000, 0x0000000100000000)
  eden space 32768K, 0% used [0x00000000eb400000,0x00000000eb400000,0x00000000ed400000)
  from space 2560K, 99% used [0x00000000ed680000,0x00000000ed8fc8e8,0x00000000ed900000)
  to   space 2560K, 0% used [0x00000000ed400000,0x00000000ed400000,0x00000000ed680000)
 ParOldGen       total 44032K, used 9182K [0x00000000c1c00000, 0x00000000c4700000, 0x00000000eb400000)
  object space 44032K, 20% used [0x00000000c1c00000,0x00000000c24f7af8,0x00000000c4700000)
 Metaspace       used 13715K, capacity 13880K, committed 13952K, reserved 1060864K
  class space    used 1587K, capacity 1638K, committed 1664K, reserved 1048576K
}
Event: 10.385 GC heap before
{Heap before GC invocations=5 (full 0):
 PSYoungGen      total 35328K, used 35314K [0x00000000eb400000, 0x00000000ed900000, 0x0000000100000000)
  eden space 32768K, 100% used [0x00000000eb400000,0x00000000ed400000,0x00000000ed400000)
  from space 2560K, 99% used [0x00000000ed680000,0x00000000ed8fc8e8,0x00000000ed900000)
  to   space 2560K, 0% used [0x00000000ed400000,0x00000000ed400000,0x00000000ed680000)
 ParOldGen       total 44032K, used 9182K [0x00000000c1c00000, 0x00000000c4700000, 0x00000000eb400000)
  object space 44032K, 20% used [0x00000000c1c00000,0x00000000c24f7af8,0x00000000c4700000)
 Metaspace       used 18456K, capacity 18730K, committed 18944K, reserved 1067008K
  class space    used 2108K, capacity 2231K, committed 2304K, reserved 1048576K
Event: 10.410 GC heap after
Heap after GC invocations=5 (full 0):
 PSYoungGen      total 35328K, used 2544K [0x00000000eb400000, 0x00000000f0600000, 0x0000000100000000)
  eden space 32768K, 0% used [0x00000000eb400000,0x00000000eb400000,0x00000000ed400000)
  from space 2560K, 99% used [0x00000000ed400000,0x00000000ed67c050,0x00000000ed680000)
  to   space 9216K, 0% used [0x00000000efd00000,0x00000000efd00000,0x00000000f0600000)
 ParOldGen       total 44032K, used 13833K [0x00000000c1c00000, 0x00000000c4700000, 0x00000000eb400000)
  object space 44032K, 31% used [0x00000000c1c00000,0x00000000c2982648,0x00000000c4700000)
 Metaspace       used 18456K, capacity 18730K, committed 18944K, reserved 1067008K
  class space    used 2108K, capacity 2231K, committed 2304K, reserved 1048576K
}

Deoptimization events (10 events):
Event: 8.441 Thread 0x0000000002062800 Uncommon trap: reason=bimorphic action=maybe_recompile pc=0x0000000002a687f4 method=java.util.regex.Pattern$BmpCharProperty.match(Ljava/util/regex/Matcher;ILjava/lang/CharSequence;)Z @ 31
Event: 8.441 Thread 0x0000000002062800 Uncommon trap: reason=unstable_if action=reinterpret pc=0x0000000002a68768 method=java.util.regex.Pattern$BmpCharProperty.match(Ljava/util/regex/Matcher;ILjava/lang/CharSequence;)Z @ 5
Event: 8.446 Thread 0x0000000002062800 Uncommon trap: reason=unstable_if action=reinterpret pc=0x0000000002993e18 method=sun.util.calendar.BaseCalendar.getFixedDate(IIILsun/util/calendar/BaseCalendar$Date;)J @ 33
Event: 8.446 Thread 0x0000000002062800 Uncommon trap: reason=unstable_if action=reinterpret pc=0x00000000023d422c method=sun.util.calendar.CalendarUtils.isGregorianLeapYear(I)Z @ 3
Event: 8.446 Thread 0x0000000002062800 Uncommon trap: reason=unstable_if action=reinterpret pc=0x000000000295fb9c method=sun.util.calendar.BaseCalendar.getCalendarDateFromFixedDate(Lsun/util/calendar/CalendarDate;J)V @ 198
Event: 9.871 Thread 0x0000000016967000 Uncommon trap: reason=unstable_if action=reinterpret pc=0x00000000025e6f4c method=java.lang.ThreadLocal.get()Ljava/lang/Object; @ 11
Event: 10.933 Thread 0x0000000002062800 Uncommon trap: reason=unstable_if action=reinterpret pc=0x00000000028e4134 method=org.apache.tools.ant.types.selectors.SelectorUtils.match(Ljava/lang/String;Ljava/lang/String;Z)Z @ 173
Event: 11.174 Thread 0x0000000002062800 Uncommon trap: reason=unstable_if action=reinterpret pc=0x00000000029e7504 method=java.lang.StringBuffer.toString()Ljava/lang/String; @ 4
Event: 11.636 Thread 0x0000000016968000 Uncommon trap: reason=unstable_if action=reinterpret pc=0x00000000025eabc8 method=java.lang.ThreadLocal.get()Ljava/lang/Object; @ 11
Event: 13.071 Thread 0x0000000016968000 Uncommon trap: reason=unstable_if action=reinterpret pc=0x00000000025e3ca4 method=java.lang.ThreadLocal.get()Ljava/lang/Object; @ 11

Internal exceptions (10 events):
Event: 10.365 Thread 0x0000000016967000 Exception <a 'java/net/SocketException': Socket closed> (0x00000000ed2c3950) thrown at [C:\re\workspace\8-2-build-windows-amd64-cygwin\jdk8u111\7883\hotspot\src\share\vm\prims\jni.cpp, line 735]
Event: 10.911 Thread 0x0000000016966800 Exception <a 'java/net/SocketException': Socket closed> (0x00000000eb4b7de8) thrown at [C:\re\workspace\8-2-build-windows-amd64-cygwin\jdk8u111\7883\hotspot\src\share\vm\prims\jni.cpp, line 735]
Event: 11.636 Thread 0x0000000016968000 Implicit null exception at 0x00000000025ea4aa to 0x00000000025eabad
Event: 11.637 Thread 0x0000000016968000 Exception <a 'java/net/SocketException': Socket closed> (0x00000000eb716520) thrown at [C:\re\workspace\8-2-build-windows-amd64-cygwin\jdk8u111\7883\hotspot\src\share\vm\prims\jni.cpp, line 735]
Event: 12.634 Thread 0x0000000016965800 Exception <a 'java/net/SocketException': Socket closed> (0x00000000eb80c700) thrown at [C:\re\workspace\8-2-build-windows-amd64-cygwin\jdk8u111\7883\hotspot\src\share\vm\prims\jni.cpp, line 735]
Event: 13.071 Thread 0x0000000016968000 Implicit null exception at 0x00000000025e3bcb to 0x00000000025e3c91
Event: 13.520 Thread 0x0000000016968000 Exception <a 'java/net/SocketException': Socket closed> (0x00000000ebd55978) thrown at [C:\re\workspace\8-2-build-windows-amd64-cygwin\jdk8u111\7883\hotspot\src\share\vm\prims\jni.cpp, line 735]
Event: 14.485 Thread 0x0000000016965800 Exception <a 'java/net/SocketException': Socket closed> (0x00000000ebe4ae48) thrown at [C:\re\workspace\8-2-build-windows-amd64-cygwin\jdk8u111\7883\hotspot\src\share\vm\prims\jni.cpp, line 735]
Event: 15.233 Thread 0x0000000016967000 Exception <a 'java/net/SocketException': Socket closed> (0x00000000ebf44f98) thrown at [C:\re\workspace\8-2-build-windows-amd64-cygwin\jdk8u111\7883\hotspot\src\share\vm\prims\jni.cpp, line 735]
Event: 15.913 Thread 0x0000000016965800 Exception <a 'java/net/SocketException': Socket closed> (0x00000000ec03a380) thrown at [C:\re\workspace\8-2-build-windows-amd64-cygwin\jdk8u111\7883\hotspot\src\share\vm\prims\jni.cpp, line 735]

Events (10 events):
Event: 15.818 Executing VM operation: RevokeBias
Event: 15.818 Executing VM operation: RevokeBias done
Event: 15.905 Executing VM operation: RevokeBias
Event: 15.905 Executing VM operation: RevokeBias done
Event: 15.913 Executing VM operation: RevokeBias
Event: 15.913 Executing VM operation: RevokeBias done
Event: 15.913 Thread 0x0000000016965800 Thread exited: 0x0000000016965800
Event: 16.440 Thread 0x0000000016968000 Thread added: 0x0000000016968000
Event: 16.441 Executing VM operation: BulkRevokeBias
Event: 16.442 Executing VM operation: BulkRevokeBias done


Dynamic libraries:
0x00007ff6544d0000 - 0x00007ff654507000 	C:\Program Files\Java\jdk1.8.0_111\bin\javaw.exe
0x00007ff9c2880000 - 0x00007ff9c2a2d000 	C:\Windows\SYSTEM32\ntdll.dll
0x00007ff9c2610000 - 0x00007ff9c274a000 	C:\Windows\system32\KERNEL32.DLL
0x00007ff9bfe40000 - 0x00007ff9bff55000 	C:\Windows\system32\KERNELBASE.dll
0x00007ff9be690000 - 0x00007ff9be718000 	C:\Windows\system32\apphelp.dll
0x00007ff9a6530000 - 0x00007ff9a657f000 	C:\Windows\AppPatch\AppPatch64\AcGenral.DLL
0x00007ff9bffe0000 - 0x00007ff9c0087000 	C:\Windows\system32\msvcrt.dll
0x00007ff9bf8c0000 - 0x00007ff9bf8eb000 	C:\Windows\SYSTEM32\SspiCli.dll
0x00007ff9c0160000 - 0x00007ff9c01b1000 	C:\Windows\system32\SHLWAPI.dll
0x00007ff9c2490000 - 0x00007ff9c2601000 	C:\Windows\system32\USER32.dll
0x00007ff9c05a0000 - 0x00007ff9c0718000 	C:\Windows\system32\ole32.dll
0x00007ff9c0cc0000 - 0x00007ff9c21ea000 	C:\Windows\system32\SHELL32.dll
0x00007ff9bf090000 - 0x00007ff9bf0ae000 	C:\Windows\SYSTEM32\USERENV.dll
0x00007ff9c2200000 - 0x00007ff9c22aa000 	C:\Windows\system32\ADVAPI32.dll
0x00007ff9aeb80000 - 0x00007ff9aeb9b000 	C:\Windows\SYSTEM32\MPR.dll
0x00007ff9c0310000 - 0x00007ff9c0446000 	C:\Windows\system32\RPCRT4.dll
0x00007ff9c2820000 - 0x00007ff9c2877000 	C:\Windows\SYSTEM32\sechost.dll
0x00007ff9c0720000 - 0x00007ff9c0931000 	C:\Windows\SYSTEM32\combase.dll
0x00007ff9c0450000 - 0x00007ff9c05a0000 	C:\Windows\system32\GDI32.dll
0x00007ff9bfa90000 - 0x00007ff9bfaa4000 	C:\Windows\SYSTEM32\profapi.dll
0x00007ff9bdf00000 - 0x00007ff9bdf9f000 	C:\Windows\SYSTEM32\SHCORE.dll
0x00007ff9c0270000 - 0x00007ff9c02a4000 	C:\Windows\system32\IMM32.DLL
0x00007ff9c0940000 - 0x00007ff9c0a79000 	C:\Windows\system32\MSCTF.dll
0x00007ff9bca40000 - 0x00007ff9bcc9a000 	C:\Windows\WinSxS\amd64_microsoft.windows.common-controls_6595b64144ccf1df_6.0.9600.17031_none_6242a4b3ecbb55a1\COMCTL32.dll
0x00000000525c0000 - 0x0000000052692000 	C:\Program Files\Java\jdk1.8.0_111\jre\bin\msvcr100.dll
0x0000000051d20000 - 0x00000000525ba000 	C:\Program Files\Java\jdk1.8.0_111\jre\bin\server\jvm.dll
0x00007ff9b8350000 - 0x00007ff9b8359000 	C:\Windows\SYSTEM32\WSOCK32.dll
0x00007ff9ae4d0000 - 0x00007ff9ae4ef000 	C:\Windows\SYSTEM32\WINMM.dll
0x00007ff9b7e40000 - 0x00007ff9b7e4a000 	C:\Windows\SYSTEM32\VERSION.dll
0x00007ff9bffd0000 - 0x00007ff9bffd7000 	C:\Windows\system32\PSAPI.DLL
0x00007ff9c02b0000 - 0x00007ff9c0308000 	C:\Windows\system32\WS2_32.dll
0x00007ff9ae490000 - 0x00007ff9ae4ba000 	C:\Windows\SYSTEM32\WINMMBASE.dll
0x00007ff9c27b0000 - 0x00007ff9c27b9000 	C:\Windows\system32\NSI.dll
0x00007ff9bfb60000 - 0x00007ff9bfbaa000 	C:\Windows\SYSTEM32\cfgmgr32.dll
0x00007ff9be8e0000 - 0x00007ff9be906000 	C:\Windows\SYSTEM32\DEVOBJ.dll
0x0000000051d10000 - 0x0000000051d1f000 	C:\Program Files\Java\jdk1.8.0_111\jre\bin\verify.dll
0x0000000051ce0000 - 0x0000000051d09000 	C:\Program Files\Java\jdk1.8.0_111\jre\bin\java.dll
0x0000000051cc0000 - 0x0000000051cd6000 	C:\Program Files\Java\jdk1.8.0_111\jre\bin\zip.dll
0x0000000051ca0000 - 0x0000000051cba000 	C:\Program Files\Java\jdk1.8.0_111\jre\bin\net.dll
0x00007ff9bf2b0000 - 0x00007ff9bf308000 	C:\Windows\system32\mswsock.dll
0x0000000051c80000 - 0x0000000051c91000 	C:\Program Files\Java\jdk1.8.0_111\jre\bin\nio.dll
0x00007ff9bf0b0000 - 0x00007ff9bf153000 	C:\Windows\SYSTEM32\DNSAPI.dll
0x00000000537e0000 - 0x00000000537ea000 	C:\Program Files\National Instruments\Shared\mDNS Responder\nimdnsNSP.dll
0x00000000537d0000 - 0x00000000537e0000 	C:\Windows\SYSTEM32\nimdnsResponder.dll
0x00007ff9b80d0000 - 0x00007ff9b80e7000 	C:\Windows\SYSTEM32\VCRUNTIME140.dll
0x00007ff9b80c0000 - 0x00007ff9b80c4000 	C:\Windows\SYSTEM32\api-ms-win-crt-string-l1-1-0.dll
0x00007ff9b80b0000 - 0x00007ff9b80b3000 	C:\Windows\SYSTEM32\api-ms-win-crt-heap-l1-1-0.dll
0x00007ff9b80a0000 - 0x00007ff9b80a4000 	C:\Windows\SYSTEM32\api-ms-win-crt-stdio-l1-1-0.dll
0x00007ff9b8090000 - 0x00007ff9b8094000 	C:\Windows\SYSTEM32\api-ms-win-crt-runtime-l1-1-0.dll
0x00007ff9b8080000 - 0x00007ff9b8084000 	C:\Windows\SYSTEM32\api-ms-win-crt-convert-l1-1-0.dll
0x00007ff9b7f80000 - 0x00007ff9b8072000 	C:\Windows\SYSTEM32\ucrtbase.DLL
0x00007ff9bf960000 - 0x00007ff9bf96a000 	C:\Windows\SYSTEM32\CRYPTBASE.DLL
0x00007ff9bf8f0000 - 0x00007ff9bf953000 	C:\Windows\SYSTEM32\bcryptPrimitives.dll
0x00007ff9bb250000 - 0x00007ff9bb279000 	C:\Windows\SYSTEM32\Iphlpapi.DLL
0x00007ff9bb1b0000 - 0x00007ff9bb1ba000 	C:\Windows\SYSTEM32\WINNSI.DLL
0x00007ff9b01f0000 - 0x00007ff9b0204000 	C:\Windows\system32\napinsp.dll
0x00007ff9b0210000 - 0x00007ff9b0229000 	C:\Windows\system32\pnrpnsp.dll
0x00007ff9bd6f0000 - 0x00007ff9bd709000 	C:\Windows\system32\NLAapi.dll
0x00007ff9b0230000 - 0x00007ff9b023c000 	C:\Windows\System32\winrnr.dll
0x00007ff9b0240000 - 0x00007ff9b0253000 	C:\Windows\system32\wshbth.dll
0x00007ff9bac10000 - 0x00007ff9bac78000 	C:\Windows\System32\fwpuclnt.dll
0x00007ff9b7f70000 - 0x00007ff9b7f79000 	C:\Windows\System32\rasadhlp.dll
0x00007ff9ba990000 - 0x00007ff9ba9a4000 	C:\Windows\SYSTEM32\dhcpcsvc6.DLL
0x00007ff9bb420000 - 0x00007ff9bb439000 	C:\Windows\SYSTEM32\dhcpcsvc.DLL
0x0000000051c50000 - 0x0000000051c74000 	C:\Program Files\Java\jdk1.8.0_111\jre\bin\sunec.dll
0x0000000051c40000 - 0x0000000051c4b000 	C:\Program Files\Java\jdk1.8.0_111\jre\bin\sunmscapi.dll
0x00007ff9bfbb0000 - 0x00007ff9bfd87000 	C:\Windows\system32\CRYPT32.dll
0x00007ff9bfb40000 - 0x00007ff9bfb52000 	C:\Windows\system32\MSASN1.dll
0x00007ff9bf310000 - 0x00007ff9bf32e000 	C:\Windows\SYSTEM32\CRYPTSP.dll
0x00007ff9bef00000 - 0x00007ff9bef35000 	C:\Windows\system32\rsaenh.dll
0x00007ff9bf5c0000 - 0x00007ff9bf5e6000 	C:\Windows\SYSTEM32\bcrypt.dll

VM Arguments:
jvm_args: -Dant.home=C:\Users\KING\.p2\pool\plugins\org.apache.ant_1.9.6.v201510161327 -Dant.library.dir=C:\Users\KING\.p2\pool\plugins\org.apache.ant_1.9.6.v201510161327\lib -Djava.library.path=C:\Users\KING\eclipse\java-neon\eclipse;C:\Windows\Sun\Java\bin;C:\Windows\system32;C:\Windows;C:/Program Files/Java/jre1.8.0_111/bin/server;C:/Program Files/Java/jre1.8.0_111/bin;C:/Program Files/Java/jre1.8.0_111/lib/amd64;C:\ProgramData\Oracle\Java\javapath;C:\Program Files (x86)\Intel\iCLS Client\;C:\Program Files\Intel\iCLS Client\;C:\Windows\system32;C:\Windows;C:\Windows\System32\Wbem;C:\Windows\System32\WindowsPowerShell\v1.0\;C:\Program Files\Intel\Intel(R) Management Engine Components\DAL;C:\Program Files\Intel\Intel(R) Management Engine Components\IPT;C:\Program Files (x86)\Intel\Intel(R) Management Engine Components\DAL;C:\Program Files (x86)\Intel\Intel(R) Management Engine Components\IPT;C:\Program Files (x86)\IVI Foundation\VISA\WinNT\Bin\;C:\Program Files\IVI Foundation\VISA\Win64\Bin\;C:\Program Files\Microsoft\Web Platform Installer\;C:\Program Files (x86)\Microsoft ASP.NET\ASP.NET Web Pages\v1.0\;C:\Program Files\Microsoft SQL Server\110\Tools\Binn\;C:\Program Files\TortoiseHg\;C:\Users\KING\eclipse\java-neon\eclipse;;.;C:\Users\KING\eclipse\java-neon\eclipse\configuration\org.eclipse.osgi\579\0\.cp -Dfile.encoding=UTF-8 
java_command: org.eclipse.ant.internal.launching.remote.InternalAntRunner -Dorg.eclipse.ant.core.ANT_PROCESS_ID=1484357471175 -Declipse.connect.port=52065 -Dant.home=C:\Users\KING\.p2\pool\plugins\org.apache.ant_1.9.6.v201510161327 -logger org.eclipse.ant.internal.launching.remote.logger.RemoteAntBuildLogger -inputhandler org.eclipse.ant.internal.ui.antsupport.inputhandler.ProxyInputHandler -buildfile C:\Users\KING\workspace\PrototypeRobot\build.xml deploy
java_class_path (initial): C:\Users\KING\.p2\pool\plugins\org.apache.ant_1.9.6.v201510161327\lib\ant-antlr.jar;C:\Users\KING\.p2\pool\plugins\org.apache.ant_1.9.6.v201510161327\lib\ant-apache-bcel.jar;C:\Users\KING\.p2\pool\plugins\org.apache.ant_1.9.6.v201510161327\lib\ant-apache-bsf.jar;C:\Users\KING\.p2\pool\plugins\org.apache.ant_1.9.6.v201510161327\lib\ant-apache-log4j.jar;C:\Users\KING\.p2\pool\plugins\org.apache.ant_1.9.6.v201510161327\lib\ant-apache-oro.jar;C:\Users\KING\.p2\pool\plugins\org.apache.ant_1.9.6.v201510161327\lib\ant-apache-regexp.jar;C:\Users\KING\.p2\pool\plugins\org.apache.ant_1.9.6.v201510161327\lib\ant-apache-resolver.jar;C:\Users\KING\.p2\pool\plugins\org.apache.ant_1.9.6.v201510161327\lib\ant-apache-xalan2.jar;C:\Users\KING\.p2\pool\plugins\org.apache.ant_1.9.6.v201510161327\lib\ant-commons-logging.jar;C:\Users\KING\.p2\pool\plugins\org.apache.ant_1.9.6.v201510161327\lib\ant-commons-net.jar;C:\Users\KING\.p2\pool\plugins\org.apache.ant_1.9.6.v201510161327\lib\ant-jai.jar;C:\Users\KING\.p2\pool\plugins\org.apache.ant_1.9.6.v201510161327\lib\ant-javamail.jar;C:\Users\KING\.p2\pool\plugins\org.apache.ant_1.9.6.v201510161327\lib\ant-jdepend.jar;C:\Users\KING\.p2\pool\plugins\org.apache.ant_1.9.6.v201510161327\lib\ant-jmf.jar;C:\Users\KING\.p2\pool\plugins\org.apache.ant_1.9.6.v201510161327\lib\ant-jsch.jar;C:\Users\KING\.p2\pool\plugins\org.apache.ant_1.9.6.v201510161327\lib\ant-junit.jar;C:\Users\KING\.p2\pool\plugins\org.apache.ant_1.9.6.v201510161327\lib\ant-junit4.jar;C:\Users\KING\.p2\pool\plugins\org.apache.ant_1.9.6.v201510161327\lib\ant-launcher.jar;C:\Users\KING\.p2\pool\plugins\org.apache.ant_1.9.6.v201510161327\lib\ant-netrexx.jar;C:\Users\KING\.p2\pool\plugins\org.apache.ant_1.9.6.v201510161327\lib\ant-swing.jar;C:\Users\KING\.p2\pool\plugins\org.apache.ant_1.9.6.v201510161327\lib\ant-testutil.jar;C:\Users\KING\.p2\pool\plugins\org.apache.ant_1.9.6.v201510161327\lib\ant.jar;C:\Users\KING\eclipse\java-neon\eclipse\configuration\o
Launcher Type: SUN_STANDARD

Environment Variables:
PATH=C:/Program Files/Java/jre1.8.0_111/bin/server;C:/Program Files/Java/jre1.8.0_111/bin;C:/Program Files/Java/jre1.8.0_111/lib/amd64;C:\ProgramData\Oracle\Java\javapath;C:\Program Files (x86)\Intel\iCLS Client\;C:\Program Files\Intel\iCLS Client\;C:\Windows\system32;C:\Windows;C:\Windows\System32\Wbem;C:\Windows\System32\WindowsPowerShell\v1.0\;C:\Program Files\Intel\Intel(R) Management Engine Components\DAL;C:\Program Files\Intel\Intel(R) Management Engine Components\IPT;C:\Program Files (x86)\Intel\Intel(R) Management Engine Components\DAL;C:\Program Files (x86)\Intel\Intel(R) Management Engine Components\IPT;C:\Program Files (x86)\IVI Foundation\VISA\WinNT\Bin\;C:\Program Files\IVI Foundation\VISA\Win64\Bin\;C:\Program Files\Microsoft\Web Platform Installer\;C:\Program Files (x86)\Microsoft ASP.NET\ASP.NET Web Pages\v1.0\;C:\Program Files\Microsoft SQL Server\110\Tools\Binn\;C:\Program Files\TortoiseHg\;C:\Users\KING\eclipse\java-neon\eclipse;
USERNAME=KING
OS=Windows_NT
PROCESSOR_IDENTIFIER=Intel64 Family 6 Model 58 Stepping 9, GenuineIntel



---------------  S Y S T E M  ---------------

OS: Windows 8.1 , 64 bit Build 9600 (6.3.9600.17056)

CPU:total 4 (2 cores per cpu, 2 threads per core) family 6 model 58 stepping 9, cmov, cx8, fxsr, mmx, sse, sse2, sse3, ssse3, sse4.1, sse4.2, popcnt, avx, aes, clmul, erms, ht, tsc, tscinvbit, tscinv

Memory: 4k page, physical 4076112k(927972k free), swap 4600404k(5040k free)

vm_info: Java HotSpot(TM) 64-Bit Server VM (25.111-b14) for windows-amd64 JRE (1.8.0_111-b14), built on Sep 22 2016 19:24:05 by "java_re" with MS VC++ 10.0 (VS2010)

time: Fri Jan 13 19:31:27 2017
elapsed time: 16 seconds (0d 0h 0m 16s)

