#
# There is insufficient memory for the Java Runtime Environment to continue.
# Native memory allocation (malloc) failed to allocate 93424 bytes for Chunk::new
# Possible reasons:
#   The system is out of physical RAM or swap space
#   In 32 bit mode, the process size limit was hit
# Possible solutions:
#   Reduce memory load on the system
#   Increase physical memory or swap space
#   Check if swap backing store is full
#   Use 64 bit Java on a 64 bit OS
#   Decrease Java heap size (-Xmx/-Xms)
#   Decrease number of Java threads
#   Decrease Java thread stack sizes (-Xss)
#   Set larger code cache with -XX:ReservedCodeCacheSize=
# This output file may be truncated or incomplete.
#
#  Out of Memory Error (allocation.cpp:390), pid=420, tid=0x0000000000001c7c
#
# JRE version: Java(TM) SE Runtime Environment (8.0_111-b14) (build 1.8.0_111-b14)
# Java VM: Java HotSpot(TM) 64-Bit Server VM (25.111-b14 mixed mode windows-amd64 compressed oops)
# Failed to write core dump. Minidumps are not enabled by default on client versions of Windows
#

---------------  T H R E A D  ---------------

Current thread (0x0000000014503000):  JavaThread "C2 CompilerThread0" daemon [_thread_in_native, id=7292, stack(0x0000000015b30000,0x0000000015c30000)]

Stack: [0x0000000015b30000,0x0000000015c30000]
[error occurred during error reporting (printing stack bounds), id 0xc0000005]

Native frames: (J=compiled Java code, j=interpreted, Vv=VM code, C=native code)


Current CompileTask:
C2:   7622 2225       4       org.apache.tools.ant.types.selectors.SelectorUtils::match (479 bytes)


---------------  P R O C E S S  ---------------

Java Threads: ( => current thread )
  0x0000000015e51800 JavaThread "Service Thread" daemon [_thread_blocked, id=6880, stack(0x0000000016230000,0x0000000016330000)]
  0x0000000014521800 JavaThread "C1 CompilerThread2" daemon [_thread_blocked, id=7248, stack(0x0000000015d30000,0x0000000015e30000)]
  0x0000000014516000 JavaThread "C2 CompilerThread1" daemon [_thread_in_native, id=7572, stack(0x0000000015c30000,0x0000000015d30000)]
=>0x0000000014503000 JavaThread "C2 CompilerThread0" daemon [_thread_in_native, id=7292, stack(0x0000000015b30000,0x0000000015c30000)]
  0x00000000144fe000 JavaThread "Attach Listener" daemon [_thread_blocked, id=7844, stack(0x0000000015a30000,0x0000000015b30000)]
  0x00000000144fc800 JavaThread "Signal Dispatcher" daemon [_thread_blocked, id=4876, stack(0x0000000015930000,0x0000000015a30000)]
  0x0000000001f2c800 JavaThread "Finalizer" daemon [_thread_blocked, id=7800, stack(0x0000000015750000,0x0000000015850000)]
  0x0000000001f23000 JavaThread "Reference Handler" daemon [_thread_blocked, id=7576, stack(0x0000000015650000,0x0000000015750000)]
  0x0000000001e2e800 JavaThread "main" [_thread_in_native, id=7908, stack(0x0000000001ca0000,0x0000000001da0000)]

Other Threads:
  0x00000000144c7000 VMThread [stack: 0x0000000015550000,0x0000000015650000] [id=2708]
  0x0000000015e81000 WatcherThread [stack: 0x0000000016330000,0x0000000016430000] [id=6552]

VM state:not at safepoint (normal execution)

VM Mutex/Monitor currently owned by a thread: None

Heap:
 PSYoungGen      total 35328K, used 13068K [0x00000000eb400000, 0x00000000ed900000, 0x0000000100000000)
  eden space 32768K, 32% used [0x00000000eb400000,0x00000000ebe47150,0x00000000ed400000)
  from space 2560K, 99% used [0x00000000ed680000,0x00000000ed8fc030,0x00000000ed900000)
  to   space 2560K, 0% used [0x00000000ed400000,0x00000000ed400000,0x00000000ed680000)
 ParOldGen       total 44032K, used 9579K [0x00000000c1c00000, 0x00000000c4700000, 0x00000000eb400000)
  object space 44032K, 21% used [0x00000000c1c00000,0x00000000c255ae10,0x00000000c4700000)
 Metaspace       used 14592K, capacity 14808K, committed 15104K, reserved 1062912K
  class space    used 1647K, capacity 1734K, committed 1792K, reserved 1048576K

Card table byte_map: [0x00000000112f0000,0x00000000114f0000] byte_map_base: 0x0000000010ce2000

Marking Bits: (ParMarkBitMap*) 0x000000006c6ea6c0
 Begin Bits: [0x0000000011a40000, 0x00000000129d0000)
 End Bits:   [0x00000000129d0000, 0x0000000013960000)

Polling page: 0x0000000000490000

CodeCache: size=245760Kb used=8191Kb max_used=8191Kb free=237568Kb
 bounds [0x0000000001f30000, 0x0000000002740000, 0x0000000010f30000]
 total_blobs=2575 nmethods=2221 adapters=265
 compilation: enabled

Compilation events (10 events):
Event: 7.596 Thread 0x0000000014521800 2231       3       org.apache.tools.ant.types.DataType::checkAttributesAllowed (13 bytes)
Event: 7.597 Thread 0x0000000014521800 nmethod 2231 0x0000000002728910 code [0x0000000002728aa0, 0x0000000002728f08]
Event: 7.597 Thread 0x0000000014521800 2232       3       java.util.Date::getTimeImpl (27 bytes)
Event: 7.598 Thread 0x0000000014521800 nmethod 2232 0x0000000002728410 code [0x0000000002728580, 0x0000000002728828]
Event: 7.602 Thread 0x0000000014521800 2233       3       java.lang.String::compareTo (9 bytes)
Event: 7.603 Thread 0x0000000014521800 nmethod 2233 0x0000000002727f10 code [0x0000000002728080, 0x0000000002728368]
Event: 7.604 Thread 0x0000000014521800 2234       3       java.lang.String::endsWith (17 bytes)
Event: 7.604 Thread 0x0000000014521800 nmethod 2234 0x0000000002727a50 code [0x0000000002727bc0, 0x0000000002727de8]
Event: 7.605 Thread 0x0000000014521800 2235       3       org.apache.tools.ant.types.resources.FileResource::getNotNullFile (26 bytes)
Event: 7.607 Thread 0x0000000014521800 nmethod 2235 0x0000000002734190 code [0x00000000027343a0, 0x0000000002734ff8]

GC Heap History (8 events):
Event: 2.525 GC heap before
{Heap before GC invocations=1 (full 0):
 PSYoungGen      total 18944K, used 16384K [0x00000000eb400000, 0x00000000ec900000, 0x0000000100000000)
  eden space 16384K, 100% used [0x00000000eb400000,0x00000000ec400000,0x00000000ec400000)
  from space 2560K, 0% used [0x00000000ec680000,0x00000000ec680000,0x00000000ec900000)
  to   space 2560K, 0% used [0x00000000ec400000,0x00000000ec400000,0x00000000ec680000)
 ParOldGen       total 44032K, used 0K [0x00000000c1c00000, 0x00000000c4700000, 0x00000000eb400000)
  object space 44032K, 0% used [0x00000000c1c00000,0x00000000c1c00000,0x00000000c4700000)
 Metaspace       used 7502K, capacity 7698K, committed 7936K, reserved 1056768K
  class space    used 822K, capacity 901K, committed 1024K, reserved 1048576K
Event: 2.538 GC heap after
Heap after GC invocations=1 (full 0):
 PSYoungGen      total 18944K, used 2529K [0x00000000eb400000, 0x00000000ec900000, 0x0000000100000000)
  eden space 16384K, 0% used [0x00000000eb400000,0x00000000eb400000,0x00000000ec400000)
  from space 2560K, 98% used [0x00000000ec400000,0x00000000ec6786d8,0x00000000ec680000)
  to   space 2560K, 0% used [0x00000000ec680000,0x00000000ec680000,0x00000000ec900000)
 ParOldGen       total 44032K, used 1648K [0x00000000c1c00000, 0x00000000c4700000, 0x00000000eb400000)
  object space 44032K, 3% used [0x00000000c1c00000,0x00000000c1d9c190,0x00000000c4700000)
 Metaspace       used 7502K, capacity 7698K, committed 7936K, reserved 1056768K
  class space    used 822K, capacity 901K, committed 1024K, reserved 1048576K
}
Event: 3.573 GC heap before
{Heap before GC invocations=2 (full 0):
 PSYoungGen      total 18944K, used 18913K [0x00000000eb400000, 0x00000000ec900000, 0x0000000100000000)
  eden space 16384K, 100% used [0x00000000eb400000,0x00000000ec400000,0x00000000ec400000)
  from space 2560K, 98% used [0x00000000ec400000,0x00000000ec6786d8,0x00000000ec680000)
  to   space 2560K, 0% used [0x00000000ec680000,0x00000000ec680000,0x00000000ec900000)
 ParOldGen       total 44032K, used 1648K [0x00000000c1c00000, 0x00000000c4700000, 0x00000000eb400000)
  object space 44032K, 3% used [0x00000000c1c00000,0x00000000c1d9c190,0x00000000c4700000)
 Metaspace       used 10975K, capacity 11192K, committed 11392K, reserved 1058816K
  class space    used 1316K, capacity 1382K, committed 1408K, reserved 1048576K
Event: 3.583 GC heap after
Heap after GC invocations=2 (full 0):
 PSYoungGen      total 18944K, used 2544K [0x00000000eb400000, 0x00000000ec900000, 0x0000000100000000)
  eden space 16384K, 0% used [0x00000000eb400000,0x00000000eb400000,0x00000000ec400000)
  from space 2560K, 99% used [0x00000000ec680000,0x00000000ec8fc070,0x00000000ec900000)
  to   space 2560K, 0% used [0x00000000ec400000,0x00000000ec400000,0x00000000ec680000)
 ParOldGen       total 44032K, used 2161K [0x00000000c1c00000, 0x00000000c4700000, 0x00000000eb400000)
  object space 44032K, 4% used [0x00000000c1c00000,0x00000000c1e1c6d8,0x00000000c4700000)
 Metaspace       used 10975K, capacity 11192K, committed 11392K, reserved 1058816K
  class space    used 1316K, capacity 1382K, committed 1408K, reserved 1048576K
}
Event: 4.691 GC heap before
{Heap before GC invocations=3 (full 0):
 PSYoungGen      total 18944K, used 18928K [0x00000000eb400000, 0x00000000ec900000, 0x0000000100000000)
  eden space 16384K, 100% used [0x00000000eb400000,0x00000000ec400000,0x00000000ec400000)
  from space 2560K, 99% used [0x00000000ec680000,0x00000000ec8fc070,0x00000000ec900000)
  to   space 2560K, 0% used [0x00000000ec400000,0x00000000ec400000,0x00000000ec680000)
 ParOldGen       total 44032K, used 2161K [0x00000000c1c00000, 0x00000000c4700000, 0x00000000eb400000)
  object space 44032K, 4% used [0x00000000c1c00000,0x00000000c1e1c6d8,0x00000000c4700000)
 Metaspace       used 12416K, capacity 12568K, committed 12928K, reserved 1060864K
  class space    used 1456K, capacity 1542K, committed 1664K, reserved 1048576K
Event: 4.724 GC heap after
Heap after GC invocations=3 (full 0):
 PSYoungGen      total 18944K, used 2528K [0x00000000eb400000, 0x00000000ed900000, 0x0000000100000000)
  eden space 16384K, 0% used [0x00000000eb400000,0x00000000eb400000,0x00000000ec400000)
  from space 2560K, 98% used [0x00000000ec400000,0x00000000ec678020,0x00000000ec680000)
  to   space 2560K, 0% used [0x00000000ed680000,0x00000000ed680000,0x00000000ed900000)
 ParOldGen       total 44032K, used 7906K [0x00000000c1c00000, 0x00000000c4700000, 0x00000000eb400000)
  object space 44032K, 17% used [0x00000000c1c00000,0x00000000c23b8bd8,0x00000000c4700000)
 Metaspace       used 12416K, capacity 12568K, committed 12928K, reserved 1060864K
  class space    used 1456K, capacity 1542K, committed 1664K, reserved 1048576K
}
Event: 6.003 GC heap before
{Heap before GC invocations=4 (full 0):
 PSYoungGen      total 18944K, used 18912K [0x00000000eb400000, 0x00000000ed900000, 0x0000000100000000)
  eden space 16384K, 100% used [0x00000000eb400000,0x00000000ec400000,0x00000000ec400000)
  from space 2560K, 98% used [0x00000000ec400000,0x00000000ec678020,0x00000000ec680000)
  to   space 2560K, 0% used [0x00000000ed680000,0x00000000ed680000,0x00000000ed900000)
 ParOldGen       total 44032K, used 7906K [0x00000000c1c00000, 0x00000000c4700000, 0x00000000eb400000)
  object space 44032K, 17% used [0x00000000c1c00000,0x00000000c23b8bd8,0x00000000c4700000)
 Metaspace       used 13843K, capacity 14008K, committed 14208K, reserved 1062912K
  class space    used 1586K, capacity 1638K, committed 1664K, reserved 1048576K
Event: 6.020 GC heap after
Heap after GC invocations=4 (full 0):
 PSYoungGen      total 35328K, used 2544K [0x00000000eb400000, 0x00000000ed900000, 0x0000000100000000)
  eden space 32768K, 0% used [0x00000000eb400000,0x00000000eb400000,0x00000000ed400000)
  from space 2560K, 99% used [0x00000000ed680000,0x00000000ed8fc030,0x00000000ed900000)
  to   space 2560K, 0% used [0x00000000ed400000,0x00000000ed400000,0x00000000ed680000)
 ParOldGen       total 44032K, used 9579K [0x00000000c1c00000, 0x00000000c4700000, 0x00000000eb400000)
  object space 44032K, 21% used [0x00000000c1c00000,0x00000000c255ae10,0x00000000c4700000)
 Metaspace       used 13843K, capacity 14008K, committed 14208K, reserved 1062912K
  class space    used 1586K, capacity 1638K, committed 1664K, reserved 1048576K
}

Deoptimization events (10 events):
Event: 5.528 Thread 0x0000000001e2e800 Uncommon trap: reason=class_check action=maybe_recompile pc=0x00000000022abce8 method=java.util.HashMap.putVal(ILjava/lang/Object;Ljava/lang/Object;ZZ)Ljava/lang/Object; @ 253
Event: 5.536 Thread 0x0000000001e2e800 Uncommon trap: reason=class_check action=maybe_recompile pc=0x00000000022a12dc method=java.util.HashMap.putVal(ILjava/lang/Object;Ljava/lang/Object;ZZ)Ljava/lang/Object; @ 253
Event: 5.546 Thread 0x0000000001e2e800 Uncommon trap: reason=unstable_if action=reinterpret pc=0x000000000249d310 method=com.sun.tools.javac.code.Scope.enter(Lcom/sun/tools/javac/code/Symbol;Lcom/sun/tools/javac/code/Scope;Lcom/sun/tools/javac/code/Scope;Z)V @ 116
Event: 5.839 Thread 0x0000000001e2e800 Uncommon trap: reason=unstable_if action=reinterpret pc=0x0000000002528a90 method=com.sun.tools.javac.tree.TreeInfo$1DeclScanner.scan(Lcom/sun/tools/javac/tree/JCTree;)V @ 8
Event: 6.292 Thread 0x0000000001e2e800 Uncommon trap: reason=unstable_if action=reinterpret pc=0x00000000025fa2a0 method=com.sun.tools.javac.comp.Check.checkType(Lcom/sun/tools/javac/util/JCDiagnostic$DiagnosticPosition;Lcom/sun/tools/javac/code/Type;Lcom/sun/tools/javac/code/Type;Lcom/sun/too
Event: 6.940 Thread 0x0000000001e2e800 Uncommon trap: reason=unstable_if action=reinterpret pc=0x00000000023532d0 method=java.lang.String.startsWith(Ljava/lang/String;I)Z @ 25
Event: 6.940 Thread 0x0000000001e2e800 Uncommon trap: reason=unstable_if action=reinterpret pc=0x00000000020a3810 method=java.lang.String.startsWith(Ljava/lang/String;I)Z @ 25
Event: 7.558 Thread 0x0000000001e2e800 Uncommon trap: reason=unstable_if action=reinterpret pc=0x00000000023c67e8 method=java.lang.String.lastIndexOf([CII[CIII)I @ 118
Event: 7.591 Thread 0x0000000001e2e800 Uncommon trap: reason=unstable_if action=reinterpret pc=0x000000000214fb70 method=java.util.Date.normalize()Lsun/util/calendar/BaseCalendar$Date; @ 45
Event: 7.591 Thread 0x0000000001e2e800 Uncommon trap: reason=unstable_if action=reinterpret pc=0x000000000215cb50 method=sun.util.calendar.BaseCalendar.getFixedDate(IIILsun/util/calendar/BaseCalendar$Date;)J @ 7

Internal exceptions (10 events):
Event: 2.545 Thread 0x0000000001e2e800 Exception <a 'java/lang/ClassNotFoundException': org/apache/tools/ant/AntClassLoader> (0x00000000eb40de28) thrown at [C:\re\workspace\8-2-build-windows-amd64-cygwin\jdk8u111\7883\hotspot\src\share\vm\classfile\systemDictionary.cpp, line 210]
Event: 2.550 Thread 0x0000000001e2e800 Exception <a 'java/lang/ClassNotFoundException': sun/net/www/protocol/c/Handler> (0x00000000eb419820) thrown at [C:\re\workspace\8-2-build-windows-amd64-cygwin\jdk8u111\7883\hotspot\src\share\vm\classfile\systemDictionary.cpp, line 210]
Event: 2.550 Thread 0x0000000001e2e800 Exception <a 'java/lang/ClassNotFoundException': sun/net/www/protocol/c/Handler> (0x00000000eb41ce28) thrown at [C:\re\workspace\8-2-build-windows-amd64-cygwin\jdk8u111\7883\hotspot\src\share\vm\classfile\systemDictionary.cpp, line 210]
Event: 2.552 Thread 0x0000000001e2e800 Exception <a 'java/lang/ClassNotFoundException': org/apache/tools/ant/AntClassLoader> (0x00000000eb4226c0) thrown at [C:\re\workspace\8-2-build-windows-amd64-cygwin\jdk8u111\7883\hotspot\src\share\vm\classfile\systemDictionary.cpp, line 210]
Event: 2.553 Thread 0x0000000001e2e800 Exception <a 'java/lang/ClassNotFoundException': org/apache/tools/ant/AntClassLoader> (0x00000000eb425e30) thrown at [C:\re\workspace\8-2-build-windows-amd64-cygwin\jdk8u111\7883\hotspot\src\share\vm\classfile\systemDictionary.cpp, line 210]
Event: 2.553 Thread 0x0000000001e2e800 Exception <a 'java/lang/ClassNotFoundException': org/apache/tools/ant/AntClassLoader> (0x00000000eb4265c0) thrown at [C:\re\workspace\8-2-build-windows-amd64-cygwin\jdk8u111\7883\hotspot\src\share\vm\classfile\systemDictionary.cpp, line 210]
Event: 2.553 Thread 0x0000000001e2e800 Exception <a 'java/lang/ClassNotFoundException': org/apache/tools/ant/AntClassLoader> (0x00000000eb427d08) thrown at [C:\re\workspace\8-2-build-windows-amd64-cygwin\jdk8u111\7883\hotspot\src\share\vm\classfile\systemDictionary.cpp, line 210]
Event: 2.601 Thread 0x0000000001e2e800 Exception <a 'java/io/FileNotFoundException'> (0x00000000eb496958) thrown at [C:\re\workspace\8-2-build-windows-amd64-cygwin\jdk8u111\7883\hotspot\src\share\vm\prims\jni.cpp, line 709]
Event: 4.473 Thread 0x0000000001e2e800 Exception <a 'java/io/FileNotFoundException'> (0x00000000ebf6ca90) thrown at [C:\re\workspace\8-2-build-windows-amd64-cygwin\jdk8u111\7883\hotspot\src\share\vm\prims\jni.cpp, line 709]
Event: 4.489 Thread 0x0000000001e2e800 Exception <a 'java/io/FileNotFoundException'> (0x00000000ebfa36f0) thrown at [C:\re\workspace\8-2-build-windows-amd64-cygwin\jdk8u111\7883\hotspot\src\share\vm\prims\jni.cpp, line 709]

Events (10 events):
Event: 7.596 loading class java/util/TreeMap$KeySet
Event: 7.598 loading class java/util/NavigableSet
Event: 7.598 loading class java/util/SortedSet
Event: 7.599 loading class java/util/SortedSet done
Event: 7.600 loading class java/util/NavigableSet done
Event: 7.600 loading class java/util/TreeMap$KeySet done
Event: 7.600 loading class java/util/TreeMap$KeyIterator
Event: 7.601 loading class java/util/TreeMap$PrivateEntryIterator
Event: 7.601 loading class java/util/TreeMap$PrivateEntryIterator done
Event: 7.601 loading class java/util/TreeMap$KeyIterator done


Dynamic libraries:
0x00007ff775400000 - 0x00007ff775437000 	C:\Program Files\Java\jdk1.8.0_111\bin\javaw.exe
0x00007ff801fc0000 - 0x00007ff80216d000 	C:\Windows\SYSTEM32\ntdll.dll
0x00007fffff920000 - 0x00007fffffa5a000 	C:\Windows\system32\KERNEL32.DLL
0x00007fffff280000 - 0x00007fffff395000 	C:\Windows\system32\KERNELBASE.dll
0x00007ffffddb0000 - 0x00007ffffde38000 	C:\Windows\system32\apphelp.dll
0x00007fffedfd0000 - 0x00007fffee01f000 	C:\Windows\AppPatch\AppPatch64\AcGenral.DLL
0x00007ff8001e0000 - 0x00007ff800287000 	C:\Windows\system32\msvcrt.dll
0x00007ffffefe0000 - 0x00007fffff00b000 	C:\Windows\SYSTEM32\SspiCli.dll
0x00007fffff6d0000 - 0x00007fffff721000 	C:\Windows\system32\SHLWAPI.dll
0x00007fffffc80000 - 0x00007fffffdf1000 	C:\Windows\system32\USER32.dll
0x00007ff800290000 - 0x00007ff800408000 	C:\Windows\system32\ole32.dll
0x00007ff800520000 - 0x00007ff801a4a000 	C:\Windows\system32\SHELL32.dll
0x00007ffffe790000 - 0x00007ffffe7ae000 	C:\Windows\SYSTEM32\USERENV.dll
0x00007ff800470000 - 0x00007ff80051a000 	C:\Windows\system32\ADVAPI32.dll
0x00007fffed9b0000 - 0x00007fffed9cb000 	C:\Windows\SYSTEM32\MPR.dll
0x00007ff801e80000 - 0x00007ff801fb6000 	C:\Windows\system32\RPCRT4.dll
0x00007ff801cd0000 - 0x00007ff801d27000 	C:\Windows\SYSTEM32\sechost.dll
0x00007fffffa60000 - 0x00007fffffc71000 	C:\Windows\SYSTEM32\combase.dll
0x00007fffff7d0000 - 0x00007fffff920000 	C:\Windows\system32\GDI32.dll
0x00007fffff1b0000 - 0x00007fffff1c4000 	C:\Windows\SYSTEM32\profapi.dll
0x00007ffffd8c0000 - 0x00007ffffd95f000 	C:\Windows\SYSTEM32\SHCORE.dll
0x00007ff801c90000 - 0x00007ff801cc4000 	C:\Windows\system32\IMM32.DLL
0x00007ff801d30000 - 0x00007ff801e69000 	C:\Windows\system32\MSCTF.dll
0x00007ffffcfe0000 - 0x00007ffffd23a000 	C:\Windows\WinSxS\amd64_microsoft.windows.common-controls_6595b64144ccf1df_6.0.9600.17031_none_6242a4b3ecbb55a1\COMCTL32.dll
0x000000006c770000 - 0x000000006c842000 	C:\Program Files\Java\jdk1.8.0_111\jre\bin\msvcr100.dll
0x000000006bed0000 - 0x000000006c76a000 	C:\Program Files\Java\jdk1.8.0_111\jre\bin\server\jvm.dll
0x00007ffff7a70000 - 0x00007ffff7a79000 	C:\Windows\SYSTEM32\WSOCK32.dll
0x00007fffece80000 - 0x00007fffece9f000 	C:\Windows\SYSTEM32\WINMM.dll
0x00007ffff7560000 - 0x00007ffff756a000 	C:\Windows\SYSTEM32\VERSION.dll
0x00007ff8001d0000 - 0x00007ff8001d7000 	C:\Windows\system32\PSAPI.DLL
0x00007ff800170000 - 0x00007ff8001c8000 	C:\Windows\system32\WS2_32.dll
0x00007fffece50000 - 0x00007fffece7a000 	C:\Windows\SYSTEM32\WINMMBASE.dll
0x00007ff801c70000 - 0x00007ff801c79000 	C:\Windows\system32\NSI.dll
0x00007fffff3a0000 - 0x00007fffff3ea000 	C:\Windows\SYSTEM32\cfgmgr32.dll
0x00007ffffe000000 - 0x00007ffffe026000 	C:\Windows\SYSTEM32\DEVOBJ.dll
0x000000006bec0000 - 0x000000006becf000 	C:\Program Files\Java\jdk1.8.0_111\jre\bin\verify.dll
0x000000006be90000 - 0x000000006beb9000 	C:\Program Files\Java\jdk1.8.0_111\jre\bin\java.dll
0x000000006be70000 - 0x000000006be86000 	C:\Program Files\Java\jdk1.8.0_111\jre\bin\zip.dll
0x000000006be50000 - 0x000000006be6a000 	C:\Program Files\Java\jdk1.8.0_111\jre\bin\net.dll
0x00007ffffe9e0000 - 0x00007ffffea38000 	C:\Windows\system32\mswsock.dll
0x000000006be30000 - 0x000000006be41000 	C:\Program Files\Java\jdk1.8.0_111\jre\bin\nio.dll

VM Arguments:
jvm_args: -Dant.home=C:\Users\KING\.p2\pool\plugins\org.apache.ant_1.9.6.v201510161327 -Dant.library.dir=C:\Users\KING\.p2\pool\plugins\org.apache.ant_1.9.6.v201510161327\lib -Djava.library.path=C:\Users\KING\eclipse\java-neon\eclipse;C:\Windows\Sun\Java\bin;C:\Windows\system32;C:\Windows;C:/Program Files/Java/jre1.8.0_111/bin/server;C:/Program Files/Java/jre1.8.0_111/bin;C:/Program Files/Java/jre1.8.0_111/lib/amd64;C:\ProgramData\Oracle\Java\javapath;C:\Program Files (x86)\Intel\iCLS Client\;C:\Program Files\Intel\iCLS Client\;C:\Windows\system32;C:\Windows;C:\Windows\System32\Wbem;C:\Windows\System32\WindowsPowerShell\v1.0\;C:\Program Files\Intel\Intel(R) Management Engine Components\DAL;C:\Program Files\Intel\Intel(R) Management Engine Components\IPT;C:\Program Files (x86)\Intel\Intel(R) Management Engine Components\DAL;C:\Program Files (x86)\Intel\Intel(R) Management Engine Components\IPT;C:\Program Files (x86)\IVI Foundation\VISA\WinNT\Bin\;C:\Program Files\IVI Foundation\VISA\Win64\Bin\;C:\Program Files\Microsoft\Web Platform Installer\;C:\Program Files (x86)\Microsoft ASP.NET\ASP.NET Web Pages\v1.0\;C:\Program Files\Microsoft SQL Server\110\Tools\Binn\;C:\Program Files\TortoiseHg\;C:\Program Files\Git\cmd;C:\Users\KING\eclipse\java-neon\eclipse;;.;C:\Users\KING\eclipse\java-neon\eclipse\configuration\org.eclipse.osgi\579\0\.cp -Dfile.encoding=UTF-8 
java_command: org.eclipse.ant.internal.launching.remote.InternalAntRunner -Dorg.eclipse.ant.core.ANT_PROCESS_ID=1486601605503 -Declipse.connect.port=57337 -Dant.home=C:\Users\KING\.p2\pool\plugins\org.apache.ant_1.9.6.v201510161327 -logger org.eclipse.ant.internal.launching.remote.logger.RemoteAntBuildLogger -inputhandler org.eclipse.ant.internal.ui.antsupport.inputhandler.ProxyInputHandler -buildfile C:\Users\KING\workspace\FRC-SteamWorks-2017\build.xml deploy
java_class_path (initial): C:\Users\KING\.p2\pool\plugins\org.apache.ant_1.9.6.v201510161327\lib\ant-antlr.jar;C:\Users\KING\.p2\pool\plugins\org.apache.ant_1.9.6.v201510161327\lib\ant-apache-bcel.jar;C:\Users\KING\.p2\pool\plugins\org.apache.ant_1.9.6.v201510161327\lib\ant-apache-bsf.jar;C:\Users\KING\.p2\pool\plugins\org.apache.ant_1.9.6.v201510161327\lib\ant-apache-log4j.jar;C:\Users\KING\.p2\pool\plugins\org.apache.ant_1.9.6.v201510161327\lib\ant-apache-oro.jar;C:\Users\KING\.p2\pool\plugins\org.apache.ant_1.9.6.v201510161327\lib\ant-apache-regexp.jar;C:\Users\KING\.p2\pool\plugins\org.apache.ant_1.9.6.v201510161327\lib\ant-apache-resolver.jar;C:\Users\KING\.p2\pool\plugins\org.apache.ant_1.9.6.v201510161327\lib\ant-apache-xalan2.jar;C:\Users\KING\.p2\pool\plugins\org.apache.ant_1.9.6.v201510161327\lib\ant-commons-logging.jar;C:\Users\KING\.p2\pool\plugins\org.apache.ant_1.9.6.v201510161327\lib\ant-commons-net.jar;C:\Users\KING\.p2\pool\plugins\org.apache.ant_1.9.6.v201510161327\lib\ant-jai.jar;C:\Users\KING\.p2\pool\plugins\org.apache.ant_1.9.6.v201510161327\lib\ant-javamail.jar;C:\Users\KING\.p2\pool\plugins\org.apache.ant_1.9.6.v201510161327\lib\ant-jdepend.jar;C:\Users\KING\.p2\pool\plugins\org.apache.ant_1.9.6.v201510161327\lib\ant-jmf.jar;C:\Users\KING\.p2\pool\plugins\org.apache.ant_1.9.6.v201510161327\lib\ant-jsch.jar;C:\Users\KING\.p2\pool\plugins\org.apache.ant_1.9.6.v201510161327\lib\ant-junit.jar;C:\Users\KING\.p2\pool\plugins\org.apache.ant_1.9.6.v201510161327\lib\ant-junit4.jar;C:\Users\KING\.p2\pool\plugins\org.apache.ant_1.9.6.v201510161327\lib\ant-launcher.jar;C:\Users\KING\.p2\pool\plugins\org.apache.ant_1.9.6.v201510161327\lib\ant-netrexx.jar;C:\Users\KING\.p2\pool\plugins\org.apache.ant_1.9.6.v201510161327\lib\ant-swing.jar;C:\Users\KING\.p2\pool\plugins\org.apache.ant_1.9.6.v201510161327\lib\ant-testutil.jar;C:\Users\KING\.p2\pool\plugins\org.apache.ant_1.9.6.v201510161327\lib\ant.jar;C:\Users\KING\eclipse\java-neon\eclipse\configuration\o
Launcher Type: SUN_STANDARD

Environment Variables:
PATH=C:/Program Files/Java/jre1.8.0_111/bin/server;C:/Program Files/Java/jre1.8.0_111/bin;C:/Program Files/Java/jre1.8.0_111/lib/amd64;C:\ProgramData\Oracle\Java\javapath;C:\Program Files (x86)\Intel\iCLS Client\;C:\Program Files\Intel\iCLS Client\;C:\Windows\system32;C:\Windows;C:\Windows\System32\Wbem;C:\Windows\System32\WindowsPowerShell\v1.0\;C:\Program Files\Intel\Intel(R) Management Engine Components\DAL;C:\Program Files\Intel\Intel(R) Management Engine Components\IPT;C:\Program Files (x86)\Intel\Intel(R) Management Engine Components\DAL;C:\Program Files (x86)\Intel\Intel(R) Management Engine Components\IPT;C:\Program Files (x86)\IVI Foundation\VISA\WinNT\Bin\;C:\Program Files\IVI Foundation\VISA\Win64\Bin\;C:\Program Files\Microsoft\Web Platform Installer\;C:\Program Files (x86)\Microsoft ASP.NET\ASP.NET Web Pages\v1.0\;C:\Program Files\Microsoft SQL Server\110\Tools\Binn\;C:\Program Files\TortoiseHg\;C:\Program Files\Git\cmd;C:\Users\KING\eclipse\java-neon\eclipse;
USERNAME=KING
OS=Windows_NT
PROCESSOR_IDENTIFIER=Intel64 Family 6 Model 58 Stepping 9, GenuineIntel



---------------  S Y S T E M  ---------------

OS: Windows 8.1 , 64 bit Build 9600 (6.3.9600.17056)

CPU:total 4 (2 cores per cpu, 2 threads per core) family 6 model 58 stepping 9, cmov, cx8, fxsr, mmx, sse, sse2, sse3, ssse3, sse4.1, sse4.2, popcnt, avx, aes, clmul, erms, ht, tsc, tscinvbit, tscinv

Memory: 4k page, physical 4076112k(726260k free), swap 4600404k(5192k free)

vm_info: Java HotSpot(TM) 64-Bit Server VM (25.111-b14) for windows-amd64 JRE (1.8.0_111-b14), built on Sep 22 2016 19:24:05 by "java_re" with MS VC++ 10.0 (VS2010)

time: Wed Feb 08 18:53:33 2017
elapsed time: 7 seconds (0d 0h 0m 7s)

